{"/home/travis/build/npmtest/node-npmtest-cssnano/test.js":{"path":"/home/travis/build/npmtest/node-npmtest-cssnano/test.js","s":{"1":2,"2":2,"3":2,"4":2,"5":2,"6":2,"7":2,"8":1,"9":2,"10":2,"11":1,"12":1,"13":1,"14":1,"15":2,"16":2,"17":2,"18":2,"19":1,"20":1,"21":2,"22":2,"23":2,"24":1,"25":1,"26":1,"27":1,"28":1,"29":1,"30":1,"31":1,"32":1,"33":1,"34":1,"35":1,"36":1,"37":2,"38":2,"39":1,"40":2,"41":2,"42":1,"43":2,"44":2,"45":1,"46":2,"47":2,"48":1,"49":1,"50":1,"51":1,"52":1},"b":{"1":[2,1,1,1],"2":[1,1,1,1],"3":[1,1],"4":[1,1],"5":[1,1],"6":[1,1],"7":[1,1],"8":[1,1],"9":[1,1,1],"10":[1,1],"11":[1,1],"12":[1,1],"13":[1,1],"14":[1,1],"15":[1,1],"16":[1,1]},"f":{"1":2,"2":2,"3":2,"4":2,"5":2,"6":1,"7":1,"8":2,"9":2,"10":2,"11":2,"12":1},"fnMap":{"1":{"name":"(anonymous_1)","line":12,"loc":{"start":{"line":12,"column":1},"end":{"line":12,"column":13}}},"2":{"name":"(anonymous_2)","line":19,"loc":{"start":{"line":19,"column":5},"end":{"line":19,"column":17}}},"3":{"name":"(anonymous_3)","line":23,"loc":{"start":{"line":23,"column":24},"end":{"line":23,"column":36}}},"4":{"name":"(anonymous_4)","line":61,"loc":{"start":{"line":61,"column":5},"end":{"line":61,"column":17}}},"5":{"name":"(anonymous_5)","line":82,"loc":{"start":{"line":82,"column":5},"end":{"line":82,"column":17}}},"6":{"name":"(anonymous_6)","line":102,"loc":{"start":{"line":102,"column":83},"end":{"line":105,"column":10}},"skip":true},"7":{"name":"(anonymous_7)","line":113,"loc":{"start":{"line":113,"column":77},"end":{"line":116,"column":10}},"skip":true},"8":{"name":"(anonymous_8)","line":129,"loc":{"start":{"line":129,"column":12},"end":{"line":129,"column":40}},"skip":true},"9":{"name":"(anonymous_9)","line":137,"loc":{"start":{"line":137,"column":77},"end":{"line":140,"column":10}},"skip":true},"10":{"name":"(anonymous_10)","line":148,"loc":{"start":{"line":148,"column":83},"end":{"line":151,"column":10}},"skip":true},"11":{"name":"(anonymous_11)","line":159,"loc":{"start":{"line":159,"column":79},"end":{"line":162,"column":10}},"skip":true},"12":{"name":"(anonymous_12)","line":170,"loc":{"start":{"line":170,"column":75},"end":{"line":173,"column":10}},"skip":true}},"statementMap":{"1":{"start":{"line":12,"column":0},"end":{"line":185,"column":5}},"2":{"start":{"line":14,"column":4},"end":{"line":14,"column":14}},"3":{"start":{"line":19,"column":4},"end":{"line":56,"column":9}},"4":{"start":{"line":21,"column":8},"end":{"line":21,"column":19}},"5":{"start":{"line":23,"column":8},"end":{"line":35,"column":13}},"6":{"start":{"line":24,"column":12},"end":{"line":34,"column":13}},"7":{"start":{"line":25,"column":16},"end":{"line":28,"column":30}},"8":{"start":{"line":30,"column":16},"end":{"line":33,"column":27}},"9":{"start":{"line":37,"column":8},"end":{"line":39,"column":21}},"10":{"start":{"line":40,"column":8},"end":{"line":53,"column":9}},"11":{"start":{"line":43,"column":12},"end":{"line":46,"column":14}},"12":{"start":{"line":47,"column":12},"end":{"line":47,"column":18}},"13":{"start":{"line":50,"column":12},"end":{"line":51,"column":46}},"14":{"start":{"line":52,"column":12},"end":{"line":52,"column":18}},"15":{"start":{"line":55,"column":8},"end":{"line":55,"column":35}},"16":{"start":{"line":61,"column":4},"end":{"line":63,"column":9}},"17":{"start":{"line":62,"column":8},"end":{"line":62,"column":15}},"18":{"start":{"line":64,"column":4},"end":{"line":77,"column":5}},"19":{"start":{"line":70,"column":8},"end":{"line":70,"column":14}},"20":{"start":{"line":76,"column":8},"end":{"line":76,"column":14}},"21":{"start":{"line":82,"column":4},"end":{"line":84,"column":9}},"22":{"start":{"line":83,"column":8},"end":{"line":83,"column":15}},"23":{"start":{"line":85,"column":4},"end":{"line":184,"column":5}},"24":{"start":{"line":92,"column":8},"end":{"line":94,"column":63}},"25":{"start":{"line":95,"column":8},"end":{"line":95,"column":14}},"26":{"start":{"line":102,"column":8},"end":{"line":111,"column":10},"skip":true},"27":{"start":{"line":109,"column":12},"end":{"line":109,"column":55},"skip":true},"28":{"start":{"line":110,"column":12},"end":{"line":110,"column":48},"skip":true},"29":{"start":{"line":113,"column":8},"end":{"line":126,"column":10},"skip":true},"30":{"start":{"line":120,"column":12},"end":{"line":120,"column":76},"skip":true},"31":{"start":{"line":121,"column":12},"end":{"line":121,"column":73},"skip":true},"32":{"start":{"line":122,"column":12},"end":{"line":122,"column":74},"skip":true},"33":{"start":{"line":123,"column":12},"end":{"line":123,"column":79},"skip":true},"34":{"start":{"line":124,"column":12},"end":{"line":124,"column":25},"skip":true},"35":{"start":{"line":125,"column":12},"end":{"line":125,"column":45},"skip":true},"36":{"start":{"line":128,"column":8},"end":{"line":135,"column":14},"skip":true},"37":{"start":{"line":133,"column":16},"end":{"line":133,"column":29},"skip":true},"38":{"start":{"line":134,"column":16},"end":{"line":134,"column":55},"skip":true},"39":{"start":{"line":137,"column":8},"end":{"line":146,"column":10},"skip":true},"40":{"start":{"line":144,"column":12},"end":{"line":144,"column":25},"skip":true},"41":{"start":{"line":145,"column":12},"end":{"line":145,"column":45},"skip":true},"42":{"start":{"line":148,"column":8},"end":{"line":157,"column":10},"skip":true},"43":{"start":{"line":155,"column":12},"end":{"line":155,"column":25},"skip":true},"44":{"start":{"line":156,"column":12},"end":{"line":156,"column":48},"skip":true},"45":{"start":{"line":159,"column":8},"end":{"line":168,"column":10},"skip":true},"46":{"start":{"line":166,"column":12},"end":{"line":166,"column":25},"skip":true},"47":{"start":{"line":167,"column":12},"end":{"line":167,"column":46},"skip":true},"48":{"start":{"line":170,"column":8},"end":{"line":179,"column":10},"skip":true},"49":{"start":{"line":177,"column":12},"end":{"line":177,"column":94},"skip":true},"50":{"start":{"line":178,"column":12},"end":{"line":178,"column":48},"skip":true},"51":{"start":{"line":182,"column":8},"end":{"line":182,"column":35},"skip":true},"52":{"start":{"line":183,"column":8},"end":{"line":183,"column":14},"skip":true}},"branchMap":{"1":{"line":25,"type":"binary-expr","locations":[{"start":{"line":25,"column":23},"end":{"line":25,"column":62}},{"start":{"line":26,"column":20},"end":{"line":26,"column":70}},{"start":{"line":27,"column":20},"end":{"line":27,"column":71}},{"start":{"line":28,"column":20},"end":{"line":28,"column":29}}]},"2":{"line":30,"type":"binary-expr","locations":[{"start":{"line":30,"column":23},"end":{"line":30,"column":37}},{"start":{"line":31,"column":20},"end":{"line":31,"column":61}},{"start":{"line":32,"column":20},"end":{"line":32,"column":70}},{"start":{"line":33,"column":20},"end":{"line":33,"column":26}}]},"3":{"line":37,"type":"cond-expr","locations":[{"start":{"line":38,"column":14},"end":{"line":38,"column":20}},{"start":{"line":39,"column":14},"end":{"line":39,"column":20}}]},"4":{"line":40,"type":"switch","locations":[{"start":{"line":42,"column":8},"end":{"line":47,"column":18}},{"start":{"line":49,"column":8},"end":{"line":52,"column":18}}]},"5":{"line":44,"type":"binary-expr","locations":[{"start":{"line":44,"column":16},"end":{"line":44,"column":44}},{"start":{"line":44,"column":48},"end":{"line":44,"column":66}}]},"6":{"line":50,"type":"binary-expr","locations":[{"start":{"line":50,"column":21},"end":{"line":50,"column":49}},{"start":{"line":50,"column":53},"end":{"line":50,"column":72}}]},"7":{"line":64,"type":"switch","locations":[{"start":{"line":69,"column":4},"end":{"line":70,"column":14}},{"start":{"line":75,"column":4},"end":{"line":76,"column":14}}]},"8":{"line":85,"type":"switch","locations":[{"start":{"line":90,"column":4},"end":{"line":95,"column":14}},{"start":{"line":101,"column":4},"end":{"line":183,"column":14},"skip":true}]},"9":{"line":92,"type":"binary-expr","locations":[{"start":{"line":92,"column":18},"end":{"line":92,"column":32}},{"start":{"line":93,"column":12},"end":{"line":93,"column":53}},{"start":{"line":94,"column":12},"end":{"line":94,"column":61}}]},"10":{"line":102,"type":"binary-expr","locations":[{"start":{"line":102,"column":45},"end":{"line":102,"column":79},"skip":true},{"start":{"line":102,"column":83},"end":{"line":111,"column":9},"skip":true}]},"11":{"line":113,"type":"binary-expr","locations":[{"start":{"line":113,"column":42},"end":{"line":113,"column":73},"skip":true},{"start":{"line":113,"column":77},"end":{"line":126,"column":9},"skip":true}]},"12":{"line":128,"type":"binary-expr","locations":[{"start":{"line":128,"column":48},"end":{"line":128,"column":85},"skip":true},{"start":{"line":129,"column":12},"end":{"line":135,"column":13},"skip":true}]},"13":{"line":137,"type":"binary-expr","locations":[{"start":{"line":137,"column":42},"end":{"line":137,"column":73},"skip":true},{"start":{"line":137,"column":77},"end":{"line":146,"column":9},"skip":true}]},"14":{"line":148,"type":"binary-expr","locations":[{"start":{"line":148,"column":45},"end":{"line":148,"column":79},"skip":true},{"start":{"line":148,"column":83},"end":{"line":157,"column":9},"skip":true}]},"15":{"line":159,"type":"binary-expr","locations":[{"start":{"line":159,"column":43},"end":{"line":159,"column":75},"skip":true},{"start":{"line":159,"column":79},"end":{"line":168,"column":9},"skip":true}]},"16":{"line":170,"type":"binary-expr","locations":[{"start":{"line":170,"column":41},"end":{"line":170,"column":71},"skip":true},{"start":{"line":170,"column":75},"end":{"line":179,"column":9},"skip":true}]}},"code":["/* istanbul instrument in package npmtest_cssnano */","/*jslint","    bitwise: true,","    browser: true,","    maxerr: 8,","    maxlen: 96,","    node: true,","    nomen: true,","    regexp: true,","    stupid: true","*/","(function () {","    'use strict';","    var local;","","","","    // run shared js-env code - pre-init","    (function () {","        // init local","        local = {};","        // init modeJs","        local.modeJs = (function () {","            try {","                return typeof navigator.userAgent === 'string' &&","                    typeof document.querySelector('body') === 'object' &&","                    typeof XMLHttpRequest.prototype.open === 'function' &&","                    'browser';","            } catch (errorCaughtBrowser) {","                return module.exports &&","                    typeof process.versions.node === 'string' &&","                    typeof require('http').createServer === 'function' &&","                    'node';","            }","        }());","        // init global","        local.global = local.modeJs === 'browser'","            ? window","            : global;","        switch (local.modeJs) {","        // re-init local from window.local","        case 'browser':","            local = local.global.utility2.objectSetDefault(","                local.global.utility2_rollup || local.global.local,","                local.global.utility2","            );","            break;","        // re-init local from example.js","        case 'node':","            local = (local.global.utility2_rollup || require('utility2'))","                .requireExampleJsFromReadme();","            break;","        }","        // export local","        local.global.local = local;","    }());","","","","    // run shared js-env code - function","    (function () {","        return;","    }());","    switch (local.modeJs) {","","","","    // run browser js-env code - function","    case 'browser':","        break;","","","","    // run node js-env code - function","    case 'node':","        break;","    }","","","","    // run shared js-env code - post-init","    (function () {","        return;","    }());","    switch (local.modeJs) {","","","","    // run browser js-env code - post-init","    case 'browser':","        // run tests","        local.nop(local.modeTest &&","            document.querySelector('#testRunButton1') &&","            document.querySelector('#testRunButton1').click());","        break;","","","","    // run node js-env code - post-init","    /* istanbul ignore next */","    case 'node':","        local.testCase_buildApidoc_default = local.testCase_buildApidoc_default || function (","            options,","            onError","        ) {","        /*","         * this function will test buildApidoc's default handling-behavior-behavior","         */","            options = { modulePathList: module.paths };","            local.buildApidoc(options, onError);","        };","","        local.testCase_buildApp_default = local.testCase_buildApp_default || function (","            options,","            onError","        ) {","        /*","         * this function will test buildApp's default handling-behavior-behavior","         */","            local.testCase_buildReadme_default(options, local.onErrorThrow);","            local.testCase_buildLib_default(options, local.onErrorThrow);","            local.testCase_buildTest_default(options, local.onErrorThrow);","            local.testCase_buildCustomOrg_default(options, local.onErrorThrow);","            options = [];","            local.buildApp(options, onError);","        };","","        local.testCase_buildCustomOrg_default = local.testCase_buildCustomOrg_default ||","            function (options, onError) {","            /*","             * this function will test buildCustomOrg's default handling-behavior","             */","                options = {};","                local.buildCustomOrg(options, onError);","            };","","        local.testCase_buildLib_default = local.testCase_buildLib_default || function (","            options,","            onError","        ) {","        /*","         * this function will test buildLib's default handling-behavior","         */","            options = {};","            local.buildLib(options, onError);","        };","","        local.testCase_buildReadme_default = local.testCase_buildReadme_default || function (","            options,","            onError","        ) {","        /*","         * this function will test buildReadme's default handling-behavior-behavior","         */","            options = {};","            local.buildReadme(options, onError);","        };","","        local.testCase_buildTest_default = local.testCase_buildTest_default || function (","            options,","            onError","        ) {","        /*","         * this function will test buildTest's default handling-behavior","         */","            options = {};","            local.buildTest(options, onError);","        };","","        local.testCase_webpage_default = local.testCase_webpage_default || function (","            options,","            onError","        ) {","        /*","         * this function will test webpage's default handling-behavior","         */","            options = { modeCoverageMerge: true, url: local.serverLocalHost + '?modeTest=1' };","            local.browserTest(options, onError);","        };","","        // run test-server","        local.testRunServer(local);","        break;","    }","}());",""],"l":{"12":2,"14":2,"19":2,"21":2,"23":2,"24":2,"25":2,"30":1,"37":2,"40":2,"43":1,"47":1,"50":1,"52":1,"55":2,"61":2,"62":2,"64":2,"70":1,"76":1,"82":2,"83":2,"85":2,"92":1,"95":1,"102":1,"109":1,"110":1,"113":1,"120":1,"121":1,"122":1,"123":1,"124":1,"125":1,"128":1,"133":2,"134":2,"137":1,"144":2,"145":2,"148":1,"155":2,"156":2,"159":1,"166":2,"167":2,"170":1,"177":1,"178":1,"182":1,"183":1}},"/home/travis/build/npmtest/node-npmtest-cssnano/lib.npmtest_cssnano.js":{"path":"/home/travis/build/npmtest/node-npmtest-cssnano/lib.npmtest_cssnano.js","s":{"1":2,"2":2,"3":2,"4":2,"5":2,"6":2,"7":2,"8":1,"9":2,"10":2,"11":2,"12":2,"13":1,"14":1,"15":1,"16":1},"b":{"1":[2,1,1,1],"2":[1,1,1,1],"3":[1,1],"4":[2,2],"5":[1,1]},"f":{"1":2,"2":2,"3":2},"fnMap":{"1":{"name":"(anonymous_1)","line":12,"loc":{"start":{"line":12,"column":1},"end":{"line":12,"column":13}}},"2":{"name":"(anonymous_2)","line":19,"loc":{"start":{"line":19,"column":5},"end":{"line":19,"column":17}}},"3":{"name":"(anonymous_3)","line":23,"loc":{"start":{"line":23,"column":24},"end":{"line":23,"column":36}}}},"statementMap":{"1":{"start":{"line":12,"column":0},"end":{"line":53,"column":5}},"2":{"start":{"line":14,"column":4},"end":{"line":14,"column":14}},"3":{"start":{"line":19,"column":4},"end":{"line":52,"column":9}},"4":{"start":{"line":21,"column":8},"end":{"line":21,"column":19}},"5":{"start":{"line":23,"column":8},"end":{"line":35,"column":13}},"6":{"start":{"line":24,"column":12},"end":{"line":34,"column":13}},"7":{"start":{"line":25,"column":16},"end":{"line":28,"column":30}},"8":{"start":{"line":30,"column":16},"end":{"line":33,"column":27}},"9":{"start":{"line":37,"column":8},"end":{"line":39,"column":21}},"10":{"start":{"line":41,"column":8},"end":{"line":41,"column":54}},"11":{"start":{"line":43,"column":8},"end":{"line":43,"column":52}},"12":{"start":{"line":45,"column":8},"end":{"line":51,"column":9}},"13":{"start":{"line":46,"column":12},"end":{"line":46,"column":58}},"14":{"start":{"line":48,"column":12},"end":{"line":48,"column":35}},"15":{"start":{"line":49,"column":12},"end":{"line":49,"column":49}},"16":{"start":{"line":50,"column":12},"end":{"line":50,"column":43}}},"branchMap":{"1":{"line":25,"type":"binary-expr","locations":[{"start":{"line":25,"column":23},"end":{"line":25,"column":62}},{"start":{"line":26,"column":20},"end":{"line":26,"column":70}},{"start":{"line":27,"column":20},"end":{"line":27,"column":71}},{"start":{"line":28,"column":20},"end":{"line":28,"column":29}}]},"2":{"line":30,"type":"binary-expr","locations":[{"start":{"line":30,"column":23},"end":{"line":30,"column":37}},{"start":{"line":31,"column":20},"end":{"line":31,"column":61}},{"start":{"line":32,"column":20},"end":{"line":32,"column":70}},{"start":{"line":33,"column":20},"end":{"line":33,"column":26}}]},"3":{"line":37,"type":"cond-expr","locations":[{"start":{"line":38,"column":14},"end":{"line":38,"column":20}},{"start":{"line":39,"column":14},"end":{"line":39,"column":20}}]},"4":{"line":41,"type":"binary-expr","locations":[{"start":{"line":41,"column":16},"end":{"line":41,"column":44}},{"start":{"line":41,"column":48},"end":{"line":41,"column":53}}]},"5":{"line":45,"type":"if","locations":[{"start":{"line":45,"column":8},"end":{"line":45,"column":8}},{"start":{"line":45,"column":8},"end":{"line":45,"column":8}}]}},"code":["/* istanbul instrument in package npmtest_cssnano */","/*jslint","    bitwise: true,","    browser: true,","    maxerr: 8,","    maxlen: 96,","    node: true,","    nomen: true,","    regexp: true,","    stupid: true","*/","(function () {","    'use strict';","    var local;","","","","    // run shared js-env code - pre-init","    (function () {","        // init local","        local = {};","        // init modeJs","        local.modeJs = (function () {","            try {","                return typeof navigator.userAgent === 'string' &&","                    typeof document.querySelector('body') === 'object' &&","                    typeof XMLHttpRequest.prototype.open === 'function' &&","                    'browser';","            } catch (errorCaughtBrowser) {","                return module.exports &&","                    typeof process.versions.node === 'string' &&","                    typeof require('http').createServer === 'function' &&","                    'node';","            }","        }());","        // init global","        local.global = local.modeJs === 'browser'","            ? window","            : global;","        // init utility2_rollup","        local = local.global.utility2_rollup || local;","        // init lib","        local.local = local.npmtest_cssnano = local;","        // init exports","        if (local.modeJs === 'browser') {","            local.global.utility2_npmtest_cssnano = local;","        } else {","            module.exports = local;","            module.exports.__dirname = __dirname;","            module.exports.module = module;","        }","    }());","}());",""],"l":{"12":2,"14":2,"19":2,"21":2,"23":2,"24":2,"25":2,"30":1,"37":2,"41":2,"43":2,"45":2,"46":1,"48":1,"49":1,"50":1}},"/home/travis/build/npmtest/node-npmtest-cssnano/example.js":{"path":"/home/travis/build/npmtest/node-npmtest-cssnano/example.js","s":{"1":2,"2":2,"3":2,"4":2,"5":2,"6":2,"7":2,"8":1,"9":2,"10":2,"11":2,"12":2,"13":1,"14":2,"15":2,"16":2,"17":2,"18":2,"19":0,"20":2,"21":1,"22":1,"23":1,"24":1,"25":1,"26":0,"27":0,"28":1,"29":1,"30":2,"31":0,"32":0,"33":0,"34":1,"35":2,"36":2,"37":2,"38":2,"39":2,"40":2,"41":0,"42":2,"43":2,"44":2,"45":1,"46":3,"47":1,"48":1,"49":1,"50":1,"51":1,"52":1,"53":1,"54":1,"55":1,"56":1,"57":0,"58":1,"59":6,"60":6,"61":1,"62":2,"63":0,"64":2,"65":1,"66":1,"67":0,"68":0,"69":0,"70":0,"71":0,"72":0,"73":0,"74":0,"75":0,"76":0,"77":0,"78":0,"79":0,"80":0,"81":0,"82":0,"83":0},"b":{"1":[2,1,1,1],"2":[1,1,1,1],"3":[1,1],"4":[2,2],"5":[1,1],"6":[1,1],"7":[2,0],"8":[2,1,1,1,1,1],"9":[0,2,0],"10":[1,1],"11":[2,1,1],"12":[1,0],"13":[0,2],"14":[2,0,0,0,0,0,0],"15":[0,2],"16":[2,0],"17":[1,1],"18":[0,1],"19":[1,2,0,2],"20":[1,0],"21":[1,1],"22":[0,0],"23":[0,0],"24":[0,0],"25":[0,0],"26":[0,0],"27":[0,0],"28":[0,0]},"f":{"1":2,"2":2,"3":2,"4":2,"5":2,"6":2,"7":2,"8":2,"9":3,"10":1,"11":6,"12":0},"fnMap":{"1":{"name":"(anonymous_1)","line":26,"loc":{"start":{"line":26,"column":1},"end":{"line":26,"column":13}}},"2":{"name":"(anonymous_2)","line":33,"loc":{"start":{"line":33,"column":5},"end":{"line":33,"column":17}}},"3":{"name":"(anonymous_3)","line":37,"loc":{"start":{"line":37,"column":24},"end":{"line":37,"column":36}}},"4":{"name":"(anonymous_4)","line":69,"loc":{"start":{"line":69,"column":31},"end":{"line":69,"column":48}},"skip":true},"5":{"name":"(anonymous_5)","line":78,"loc":{"start":{"line":78,"column":26},"end":{"line":78,"column":45}},"skip":true},"6":{"name":"(anonymous_6)","line":123,"loc":{"start":{"line":123,"column":33},"end":{"line":123,"column":48}},"skip":true},"7":{"name":"(anonymous_7)","line":125,"loc":{"start":{"line":125,"column":27},"end":{"line":125,"column":39}},"skip":true},"8":{"name":"(anonymous_8)","line":133,"loc":{"start":{"line":133,"column":59},"end":{"line":133,"column":74}},"skip":true},"9":{"name":"(anonymous_9)","line":143,"loc":{"start":{"line":143,"column":45},"end":{"line":143,"column":62}},"skip":true},"10":{"name":"(anonymous_10)","line":144,"loc":{"start":{"line":144,"column":73},"end":{"line":144,"column":92}},"skip":true},"11":{"name":"(anonymous_11)","line":272,"loc":{"start":{"line":272,"column":51},"end":{"line":272,"column":77}},"skip":true},"12":{"name":"(anonymous_12)","line":314,"loc":{"start":{"line":314,"column":32},"end":{"line":314,"column":61}},"skip":true}},"statementMap":{"1":{"start":{"line":26,"column":0},"end":{"line":325,"column":5}},"2":{"start":{"line":28,"column":4},"end":{"line":28,"column":14}},"3":{"start":{"line":33,"column":4},"end":{"line":60,"column":9}},"4":{"start":{"line":35,"column":8},"end":{"line":35,"column":19}},"5":{"start":{"line":37,"column":8},"end":{"line":49,"column":13}},"6":{"start":{"line":38,"column":12},"end":{"line":48,"column":13}},"7":{"start":{"line":39,"column":16},"end":{"line":42,"column":30}},"8":{"start":{"line":44,"column":16},"end":{"line":47,"column":27}},"9":{"start":{"line":51,"column":8},"end":{"line":53,"column":21}},"10":{"start":{"line":55,"column":8},"end":{"line":57,"column":45}},"11":{"start":{"line":59,"column":8},"end":{"line":59,"column":35}},"12":{"start":{"line":61,"column":4},"end":{"line":324,"column":5}},"13":{"start":{"line":69,"column":8},"end":{"line":121,"column":10},"skip":true},"14":{"start":{"line":70,"column":12},"end":{"line":88,"column":13},"skip":true},"15":{"start":{"line":76,"column":16},"end":{"line":87,"column":19},"skip":true},"16":{"start":{"line":79,"column":20},"end":{"line":86,"column":21},"skip":true},"17":{"start":{"line":82,"column":24},"end":{"line":82,"column":43},"skip":true},"18":{"start":{"line":83,"column":24},"end":{"line":83,"column":30},"skip":true},"19":{"start":{"line":85,"column":24},"end":{"line":85,"column":49},"skip":true},"20":{"start":{"line":89,"column":12},"end":{"line":107,"column":13},"skip":true},"21":{"start":{"line":92,"column":16},"end":{"line":102,"column":17},"skip":true},"22":{"start":{"line":93,"column":20},"end":{"line":93,"column":86},"skip":true},"23":{"start":{"line":94,"column":20},"end":{"line":95,"column":45},"skip":true},"24":{"start":{"line":96,"column":20},"end":{"line":96,"column":42},"skip":true},"25":{"start":{"line":97,"column":20},"end":{"line":97,"column":48},"skip":true},"26":{"start":{"line":100,"column":20},"end":{"line":100,"column":85},"skip":true},"27":{"start":{"line":101,"column":20},"end":{"line":101,"column":96},"skip":true},"28":{"start":{"line":103,"column":16},"end":{"line":103,"column":22},"skip":true},"29":{"start":{"line":106,"column":16},"end":{"line":106,"column":22},"skip":true},"30":{"start":{"line":108,"column":12},"end":{"line":120,"column":13},"skip":true},"31":{"start":{"line":114,"column":16},"end":{"line":119,"column":17},"skip":true},"32":{"start":{"line":116,"column":20},"end":{"line":116,"column":78},"skip":true},"33":{"start":{"line":118,"column":20},"end":{"line":118,"column":53},"skip":true},"34":{"start":{"line":123,"column":8},"end":{"line":141,"column":11},"skip":true},"35":{"start":{"line":124,"column":12},"end":{"line":124,"column":54},"skip":true},"36":{"start":{"line":125,"column":12},"end":{"line":140,"column":14},"skip":true},"37":{"start":{"line":126,"column":16},"end":{"line":126,"column":28},"skip":true},"38":{"start":{"line":127,"column":16},"end":{"line":127,"column":69},"skip":true},"39":{"start":{"line":128,"column":16},"end":{"line":128,"column":75},"skip":true},"40":{"start":{"line":129,"column":16},"end":{"line":131,"column":17},"skip":true},"41":{"start":{"line":130,"column":20},"end":{"line":130,"column":27},"skip":true},"42":{"start":{"line":133,"column":16},"end":{"line":137,"column":36},"skip":true},"43":{"start":{"line":134,"column":20},"end":{"line":136,"column":55},"skip":true},"44":{"start":{"line":139,"column":16},"end":{"line":139,"column":57},"skip":true},"45":{"start":{"line":143,"column":8},"end":{"line":147,"column":11},"skip":true},"46":{"start":{"line":144,"column":12},"end":{"line":146,"column":15},"skip":true},"47":{"start":{"line":145,"column":16},"end":{"line":145,"column":70},"skip":true},"48":{"start":{"line":149,"column":8},"end":{"line":149,"column":31},"skip":true},"49":{"start":{"line":150,"column":8},"end":{"line":150,"column":14},"skip":true},"50":{"start":{"line":158,"column":8},"end":{"line":158,"column":31},"skip":true},"51":{"start":{"line":160,"column":8},"end":{"line":160,"column":33},"skip":true},"52":{"start":{"line":161,"column":8},"end":{"line":161,"column":37},"skip":true},"53":{"start":{"line":162,"column":8},"end":{"line":162,"column":35},"skip":true},"54":{"start":{"line":164,"column":8},"end":{"line":164,"column":50},"skip":true},"55":{"start":{"line":166,"column":8},"end":{"line":256,"column":2},"skip":true},"56":{"start":{"line":258,"column":8},"end":{"line":286,"column":9},"skip":true},"57":{"start":{"line":259,"column":12},"end":{"line":269,"column":14},"skip":true},"58":{"start":{"line":271,"column":12},"end":{"line":285,"column":19},"skip":true},"59":{"start":{"line":274,"column":20},"end":{"line":274,"column":35},"skip":true},"60":{"start":{"line":275,"column":20},"end":{"line":284,"column":21},"skip":true},"61":{"start":{"line":277,"column":24},"end":{"line":277,"column":64},"skip":true},"62":{"start":{"line":279,"column":24},"end":{"line":279,"column":40},"skip":true},"63":{"start":{"line":281,"column":24},"end":{"line":281,"column":40},"skip":true},"64":{"start":{"line":283,"column":24},"end":{"line":283,"column":39},"skip":true},"65":{"start":{"line":288,"column":8},"end":{"line":290,"column":9},"skip":true},"66":{"start":{"line":289,"column":12},"end":{"line":289,"column":18},"skip":true},"67":{"start":{"line":291,"column":8},"end":{"line":293,"column":54},"skip":true},"68":{"start":{"line":294,"column":8},"end":{"line":301,"column":37},"skip":true},"69":{"start":{"line":302,"column":8},"end":{"line":302,"column":82},"skip":true},"70":{"start":{"line":305,"column":8},"end":{"line":307,"column":9},"skip":true},"71":{"start":{"line":306,"column":12},"end":{"line":306,"column":82},"skip":true},"72":{"start":{"line":309,"column":8},"end":{"line":311,"column":9},"skip":true},"73":{"start":{"line":310,"column":12},"end":{"line":310,"column":18},"skip":true},"74":{"start":{"line":312,"column":8},"end":{"line":312,"column":54},"skip":true},"75":{"start":{"line":313,"column":8},"end":{"line":313,"column":69},"skip":true},"76":{"start":{"line":314,"column":8},"end":{"line":322,"column":36},"skip":true},"77":{"start":{"line":315,"column":12},"end":{"line":315,"column":61},"skip":true},"78":{"start":{"line":316,"column":12},"end":{"line":319,"column":13},"skip":true},"79":{"start":{"line":317,"column":16},"end":{"line":317,"column":75},"skip":true},"80":{"start":{"line":318,"column":16},"end":{"line":318,"column":23},"skip":true},"81":{"start":{"line":320,"column":12},"end":{"line":320,"column":38},"skip":true},"82":{"start":{"line":321,"column":12},"end":{"line":321,"column":27},"skip":true},"83":{"start":{"line":323,"column":8},"end":{"line":323,"column":14},"skip":true}},"branchMap":{"1":{"line":39,"type":"binary-expr","locations":[{"start":{"line":39,"column":23},"end":{"line":39,"column":62}},{"start":{"line":40,"column":20},"end":{"line":40,"column":70}},{"start":{"line":41,"column":20},"end":{"line":41,"column":71}},{"start":{"line":42,"column":20},"end":{"line":42,"column":29}}]},"2":{"line":44,"type":"binary-expr","locations":[{"start":{"line":44,"column":23},"end":{"line":44,"column":37}},{"start":{"line":45,"column":20},"end":{"line":45,"column":61}},{"start":{"line":46,"column":20},"end":{"line":46,"column":70}},{"start":{"line":47,"column":20},"end":{"line":47,"column":26}}]},"3":{"line":51,"type":"cond-expr","locations":[{"start":{"line":52,"column":14},"end":{"line":52,"column":20}},{"start":{"line":53,"column":14},"end":{"line":53,"column":20}}]},"4":{"line":55,"type":"binary-expr","locations":[{"start":{"line":55,"column":16},"end":{"line":55,"column":44}},{"start":{"line":55,"column":49},"end":{"line":57,"column":43}}]},"5":{"line":55,"type":"cond-expr","locations":[{"start":{"line":56,"column":14},"end":{"line":56,"column":51}},{"start":{"line":57,"column":14},"end":{"line":57,"column":43}}]},"6":{"line":61,"type":"switch","locations":[{"start":{"line":68,"column":4},"end":{"line":150,"column":14},"skip":true},{"start":{"line":156,"column":4},"end":{"line":323,"column":14},"skip":true}]},"7":{"line":70,"type":"if","locations":[{"start":{"line":70,"column":12},"end":{"line":70,"column":12},"skip":true},{"start":{"line":70,"column":12},"end":{"line":70,"column":12},"skip":true}]},"8":{"line":70,"type":"binary-expr","locations":[{"start":{"line":70,"column":16},"end":{"line":70,"column":22},"skip":true},{"start":{"line":70,"column":27},"end":{"line":70,"column":32},"skip":true},{"start":{"line":71,"column":20},"end":{"line":71,"column":39},"skip":true},{"start":{"line":72,"column":20},"end":{"line":72,"column":49},"skip":true},{"start":{"line":73,"column":20},"end":{"line":73,"column":58},"skip":true},{"start":{"line":74,"column":20},"end":{"line":74,"column":69},"skip":true}]},"9":{"line":79,"type":"switch","locations":[{"start":{"line":80,"column":20},"end":{"line":80,"column":33},"skip":true},{"start":{"line":81,"column":20},"end":{"line":83,"column":30},"skip":true},{"start":{"line":84,"column":20},"end":{"line":85,"column":49},"skip":true}]},"10":{"line":89,"type":"switch","locations":[{"start":{"line":90,"column":12},"end":{"line":103,"column":22},"skip":true},{"start":{"line":105,"column":12},"end":{"line":106,"column":22},"skip":true}]},"11":{"line":89,"type":"binary-expr","locations":[{"start":{"line":89,"column":20},"end":{"line":89,"column":25},"skip":true},{"start":{"line":89,"column":29},"end":{"line":89,"column":48},"skip":true},{"start":{"line":89,"column":52},"end":{"line":89,"column":74},"skip":true}]},"12":{"line":92,"type":"if","locations":[{"start":{"line":92,"column":16},"end":{"line":92,"column":16},"skip":true},{"start":{"line":92,"column":16},"end":{"line":92,"column":16},"skip":true}]},"13":{"line":108,"type":"if","locations":[{"start":{"line":108,"column":12},"end":{"line":108,"column":12},"skip":true},{"start":{"line":108,"column":12},"end":{"line":108,"column":12},"skip":true}]},"14":{"line":108,"type":"binary-expr","locations":[{"start":{"line":108,"column":16},"end":{"line":108,"column":61},"skip":true},{"start":{"line":108,"column":66},"end":{"line":108,"column":72},"skip":true},{"start":{"line":108,"column":77},"end":{"line":108,"column":82},"skip":true},{"start":{"line":109,"column":20},"end":{"line":109,"column":39},"skip":true},{"start":{"line":110,"column":20},"end":{"line":110,"column":49},"skip":true},{"start":{"line":111,"column":20},"end":{"line":111,"column":58},"skip":true},{"start":{"line":112,"column":20},"end":{"line":112,"column":68},"skip":true}]},"15":{"line":129,"type":"if","locations":[{"start":{"line":129,"column":16},"end":{"line":129,"column":16},"skip":true},{"start":{"line":129,"column":16},"end":{"line":129,"column":16},"skip":true}]},"16":{"line":134,"type":"cond-expr","locations":[{"start":{"line":135,"column":26},"end":{"line":135,"column":29},"skip":true},{"start":{"line":136,"column":26},"end":{"line":136,"column":54},"skip":true}]},"17":{"line":164,"type":"binary-expr","locations":[{"start":{"line":164,"column":27},"end":{"line":164,"column":43},"skip":true},{"start":{"line":164,"column":47},"end":{"line":164,"column":49},"skip":true}]},"18":{"line":258,"type":"if","locations":[{"start":{"line":258,"column":8},"end":{"line":258,"column":8},"skip":true},{"start":{"line":258,"column":8},"end":{"line":258,"column":8},"skip":true}]},"19":{"line":275,"type":"switch","locations":[{"start":{"line":276,"column":20},"end":{"line":277,"column":64},"skip":true},{"start":{"line":278,"column":20},"end":{"line":279,"column":40},"skip":true},{"start":{"line":280,"column":20},"end":{"line":281,"column":40},"skip":true},{"start":{"line":282,"column":20},"end":{"line":283,"column":39},"skip":true}]},"20":{"line":288,"type":"if","locations":[{"start":{"line":288,"column":8},"end":{"line":288,"column":8},"skip":true},{"start":{"line":288,"column":8},"end":{"line":288,"column":8},"skip":true}]},"21":{"line":288,"type":"binary-expr","locations":[{"start":{"line":288,"column":12},"end":{"line":288,"column":40},"skip":true},{"start":{"line":288,"column":44},"end":{"line":288,"column":67},"skip":true}]},"22":{"line":292,"type":"binary-expr","locations":[{"start":{"line":292,"column":12},"end":{"line":292,"column":50},"skip":true},{"start":{"line":293,"column":12},"end":{"line":293,"column":53},"skip":true}]},"23":{"line":295,"type":"binary-expr","locations":[{"start":{"line":295,"column":12},"end":{"line":295,"column":65},"skip":true},{"start":{"line":296,"column":12},"end":{"line":301,"column":36},"skip":true}]},"24":{"line":302,"type":"binary-expr","locations":[{"start":{"line":302,"column":43},"end":{"line":302,"column":75},"skip":true},{"start":{"line":302,"column":79},"end":{"line":302,"column":81},"skip":true}]},"25":{"line":305,"type":"if","locations":[{"start":{"line":305,"column":8},"end":{"line":305,"column":8},"skip":true},{"start":{"line":305,"column":8},"end":{"line":305,"column":8},"skip":true}]},"26":{"line":309,"type":"if","locations":[{"start":{"line":309,"column":8},"end":{"line":309,"column":8},"skip":true},{"start":{"line":309,"column":8},"end":{"line":309,"column":8},"skip":true}]},"27":{"line":312,"type":"binary-expr","locations":[{"start":{"line":312,"column":27},"end":{"line":312,"column":43},"skip":true},{"start":{"line":312,"column":47},"end":{"line":312,"column":53},"skip":true}]},"28":{"line":316,"type":"if","locations":[{"start":{"line":316,"column":12},"end":{"line":316,"column":12},"skip":true},{"start":{"line":316,"column":12},"end":{"line":316,"column":12},"skip":true}]}},"code":["/*","example.js","","quickstart example","","instruction","    1. save this script as example.js","    2. run the shell command:","        $ npm install npmtest-cssnano && PORT=8081 node example.js","    3. play with the browser-demo on http://127.0.0.1:8081","*/","","","","/* istanbul instrument in package npmtest_cssnano */","/*jslint","    bitwise: true,","    browser: true,","    maxerr: 8,","    maxlen: 96,","    node: true,","    nomen: true,","    regexp: true,","    stupid: true","*/","(function () {","    'use strict';","    var local;","","","","    // run shared js-env code - pre-init","    (function () {","        // init local","        local = {};","        // init modeJs","        local.modeJs = (function () {","            try {","                return typeof navigator.userAgent === 'string' &&","                    typeof document.querySelector('body') === 'object' &&","                    typeof XMLHttpRequest.prototype.open === 'function' &&","                    'browser';","            } catch (errorCaughtBrowser) {","                return module.exports &&","                    typeof process.versions.node === 'string' &&","                    typeof require('http').createServer === 'function' &&","                    'node';","            }","        }());","        // init global","        local.global = local.modeJs === 'browser'","            ? window","            : global;","        // init utility2_rollup","        local = local.global.utility2_rollup || (local.modeJs === 'browser'","            ? local.global.utility2_npmtest_cssnano","            : global.utility2_moduleExports);","        // export local","        local.global.local = local;","    }());","    switch (local.modeJs) {","","","","    // post-init","    // run browser js-env code - post-init","    /* istanbul ignore next */","    case 'browser':","        local.testRunBrowser = function (event) {","            if (!event || (event &&","                    event.currentTarget &&","                    event.currentTarget.className &&","                    event.currentTarget.className.includes &&","                    event.currentTarget.className.includes('onreset'))) {","                // reset output","                Array.from(","                    document.querySelectorAll('body > .resettable')","                ).forEach(function (element) {","                    switch (element.tagName) {","                    case 'INPUT':","                    case 'TEXTAREA':","                        element.value = '';","                        break;","                    default:","                        element.textContent = '';","                    }","                });","            }","            switch (event && event.currentTarget && event.currentTarget.id) {","            case 'testRunButton1':","                // show tests","                if (document.querySelector('#testReportDiv1').style.display === 'none') {","                    document.querySelector('#testReportDiv1').style.display = 'block';","                    document.querySelector('#testRunButton1').textContent =","                        'hide internal test';","                    local.modeTest = true;","                    local.testRunDefault(local);","                // hide tests","                } else {","                    document.querySelector('#testReportDiv1').style.display = 'none';","                    document.querySelector('#testRunButton1').textContent = 'run internal test';","                }","                break;","            // custom-case","            default:","                break;","            }","            if (document.querySelector('#inputTextareaEval1') && (!event || (event &&","                    event.currentTarget &&","                    event.currentTarget.className &&","                    event.currentTarget.className.includes &&","                    event.currentTarget.className.includes('oneval')))) {","                // try to eval input-code","                try {","                    /*jslint evil: true*/","                    eval(document.querySelector('#inputTextareaEval1').value);","                } catch (errorCaught) {","                    console.error(errorCaught.stack);","                }","            }","        };","        // log stderr and stdout to #outputTextareaStdout1","        ['error', 'log'].forEach(function (key) {","            console[key + '_original'] = console[key];","            console[key] = function () {","                var element;","                console[key + '_original'].apply(console, arguments);","                element = document.querySelector('#outputTextareaStdout1');","                if (!element) {","                    return;","                }","                // append text to #outputTextareaStdout1","                element.value += Array.from(arguments).map(function (arg) {","                    return typeof arg === 'string'","                        ? arg","                        : JSON.stringify(arg, null, 4);","                }).join(' ') + '\\n';","                // scroll textarea to bottom","                element.scrollTop = element.scrollHeight;","            };","        });","        // init event-handling","        ['change', 'click', 'keyup'].forEach(function (event) {","            Array.from(document.querySelectorAll('.on' + event)).forEach(function (element) {","                element.addEventListener(event, local.testRunBrowser);","            });","        });","        // run tests","        local.testRunBrowser();","        break;","","","","    // run node js-env code - post-init","    /* istanbul ignore next */","    case 'node':","        // export local","        module.exports = local;","        // require modules","        local.fs = require('fs');","        local.http = require('http');","        local.url = require('url');","        // init assets","        local.assetsDict = local.assetsDict || {};","        /* jslint-ignore-begin */","        local.assetsDict['/assets.index.template.html'] = '\\","<!doctype html>\\n\\","<html lang=\"en\">\\n\\","<head>\\n\\","<meta charset=\"UTF-8\">\\n\\","<meta name=\"viewport\" content=\"width=device-width, initial-scale=1\">\\n\\","<title>{{env.npm_package_name}} (v{{env.npm_package_version}})</title>\\n\\","<style>\\n\\","/*csslint\\n\\","    box-sizing: false,\\n\\","    universal-selector: false\\n\\","*/\\n\\","* {\\n\\","    box-sizing: border-box;\\n\\","}\\n\\","body {\\n\\","    background: #dde;\\n\\","    font-family: Arial, Helvetica, sans-serif;\\n\\","    margin: 2rem;\\n\\","}\\n\\","body > * {\\n\\","    margin-bottom: 1rem;\\n\\","}\\n\\",".utility2FooterDiv {\\n\\","    margin-top: 20px;\\n\\","    text-align: center;\\n\\","}\\n\\","</style>\\n\\","<style>\\n\\","/*csslint\\n\\","*/\\n\\","textarea {\\n\\","    font-family: monospace;\\n\\","    height: 10rem;\\n\\","    width: 100%;\\n\\","}\\n\\","textarea[readonly] {\\n\\","    background: #ddd;\\n\\","}\\n\\","</style>\\n\\","</head>\\n\\","<body>\\n\\","<!-- utility2-comment\\n\\","<div id=\"ajaxProgressDiv1\" style=\"background: #d00; height: 2px; left: 0; margin: 0; padding: 0; position: fixed; top: 0; transition: background 0.5s, width 1.5s; width: 25%;\"></div>\\n\\","utility2-comment -->\\n\\","<h1>\\n\\","<!-- utility2-comment\\n\\","    <a\\n\\","        {{#if env.npm_package_homepage}}\\n\\","        href=\"{{env.npm_package_homepage}}\"\\n\\","        {{/if env.npm_package_homepage}}\\n\\","        target=\"_blank\"\\n\\","    >\\n\\","utility2-comment -->\\n\\","        {{env.npm_package_name}} (v{{env.npm_package_version}})\\n\\","<!-- utility2-comment\\n\\","    </a>\\n\\","utility2-comment -->\\n\\","</h1>\\n\\","<h3>{{env.npm_package_description}}</h3>\\n\\","<!-- utility2-comment\\n\\","<h4><a download href=\"assets.app.js\">download standalone app</a></h4>\\n\\","<button class=\"onclick onreset\" id=\"testRunButton1\">run internal test</button><br>\\n\\","<div id=\"testReportDiv1\" style=\"display: none;\"></div>\\n\\","utility2-comment -->\\n\\","\\n\\","\\n\\","\\n\\","<label>stderr and stdout</label>\\n\\","<textarea class=\"resettable\" id=\"outputTextareaStdout1\" readonly></textarea>\\n\\","<!-- utility2-comment\\n\\","{{#if isRollup}}\\n\\","<script src=\"assets.app.js\"></script>\\n\\","{{#unless isRollup}}\\n\\","utility2-comment -->\\n\\","<script src=\"assets.utility2.rollup.js\"></script>\\n\\","<script src=\"jsonp.utility2._stateInit?callback=window.utility2._stateInit\"></script>\\n\\","<script src=\"assets.npmtest_cssnano.rollup.js\"></script>\\n\\","<script src=\"assets.example.js\"></script>\\n\\","<script src=\"assets.test.js\"></script>\\n\\","<!-- utility2-comment\\n\\","{{/if isRollup}}\\n\\","utility2-comment -->\\n\\","<div class=\"utility2FooterDiv\">\\n\\","    [ this app was created with\\n\\","    <a href=\"https://github.com/kaizhu256/node-utility2\" target=\"_blank\">utility2</a>\\n\\","    ]\\n\\","</div>\\n\\","</body>\\n\\","</html>\\n\\","';","        /* jslint-ignore-end */","        if (local.templateRender) {","            local.assetsDict['/'] = local.templateRender(","                local.assetsDict['/assets.index.template.html'],","                {","                    env: local.objectSetDefault(local.env, {","                        npm_package_description: 'the greatest app in the world!',","                        npm_package_name: 'my-app',","                        npm_package_nameAlias: 'my_app',","                        npm_package_version: '0.0.1'","                    })","                }","            );","        } else {","            local.assetsDict['/'] = local.assetsDict['/assets.index.template.html']","                .replace((/\\{\\{env\\.(\\w+?)\\}\\}/g), function (match0, match1) {","                    // jslint-hack","                    String(match0);","                    switch (match1) {","                    case 'npm_package_description':","                        return 'the greatest app in the world!';","                    case 'npm_package_name':","                        return 'my-app';","                    case 'npm_package_nameAlias':","                        return 'my_app';","                    case 'npm_package_version':","                        return '0.0.1';","                    }","                });","        }","        // run the cli","        if (local.global.utility2_rollup || module !== require.main) {","            break;","        }","        local.assetsDict['/assets.example.js'] =","            local.assetsDict['/assets.example.js'] ||","            local.fs.readFileSync(__filename, 'utf8');","        local.assetsDict['/assets.npmtest_cssnano.rollup.js'] =","            local.assetsDict['/assets.npmtest_cssnano.rollup.js'] ||","            local.fs.readFileSync(","                // buildCustomOrg-hack","                local.npmtest_cssnano.__dirname +","                    '/lib.npmtest_cssnano.js',","                'utf8'","            ).replace((/^#!/), '//');","        local.assetsDict['/favicon.ico'] = local.assetsDict['/favicon.ico'] || '';","        // if $npm_config_timeout_exit exists,","        // then exit this process after $npm_config_timeout_exit ms","        if (Number(process.env.npm_config_timeout_exit)) {","            setTimeout(process.exit, Number(process.env.npm_config_timeout_exit));","        }","        // start server","        if (local.global.utility2_serverHttp1) {","            break;","        }","        process.env.PORT = process.env.PORT || '8081';","        console.error('server starting on port ' + process.env.PORT);","        local.http.createServer(function (request, response) {","            request.urlParsed = local.url.parse(request.url);","            if (local.assetsDict[request.urlParsed.pathname] !== undefined) {","                response.end(local.assetsDict[request.urlParsed.pathname]);","                return;","            }","            response.statusCode = 404;","            response.end();","        }).listen(process.env.PORT);","        break;","    }","}());",""],"l":{"26":2,"28":2,"33":2,"35":2,"37":2,"38":2,"39":2,"44":1,"51":2,"55":2,"59":2,"61":2,"69":1,"70":2,"76":2,"79":2,"82":2,"83":2,"85":1,"89":2,"92":1,"93":1,"94":1,"96":1,"97":1,"100":1,"101":1,"103":1,"106":1,"108":2,"114":1,"116":1,"118":1,"123":1,"124":2,"125":2,"126":2,"127":2,"128":2,"129":2,"130":1,"133":2,"134":2,"139":2,"143":1,"144":3,"145":1,"149":1,"150":1,"158":1,"160":1,"161":1,"162":1,"164":1,"166":1,"258":1,"259":1,"271":1,"274":6,"275":6,"277":1,"279":2,"281":1,"283":2,"288":1,"289":1,"291":1,"294":1,"302":1,"305":1,"306":1,"309":1,"310":1,"312":1,"313":1,"314":1,"315":1,"316":1,"317":1,"318":1,"320":1,"321":1,"323":1}},"/home/travis/build/npmtest/node-npmtest-cssnano/cssnano/dist/index.js":{"path":"/home/travis/build/npmtest/node-npmtest-cssnano/cssnano/dist/index.js","s":{"1":1,"2":1,"3":1,"4":1,"5":1,"6":1,"7":1,"8":1,"9":1,"10":1,"11":1,"12":1,"13":1,"14":1,"15":1,"16":1,"17":1,"18":1,"19":1,"20":1,"21":1,"22":1,"23":1,"24":1,"25":1,"26":1,"27":1,"28":1,"29":1,"30":1,"31":1,"32":1,"33":1,"34":1,"35":1,"36":1,"37":1,"38":1,"39":1,"40":1,"41":1,"42":1,"43":1,"44":1,"45":1,"46":1,"47":1,"48":1,"49":1,"50":1,"51":1,"52":1,"53":1,"54":1,"55":1,"56":1,"57":1,"58":1,"59":1,"60":1,"61":1,"62":1,"63":1,"64":1,"65":1,"66":1,"67":1,"68":1,"69":1,"70":1,"71":1,"72":1,"73":1,"74":1,"75":1,"76":1,"77":1,"78":1,"79":1,"80":1,"81":1,"82":1,"83":40,"84":1,"85":0,"86":1,"87":1,"88":1,"89":0,"90":0,"91":0,"92":0,"93":0,"94":0,"95":0,"96":0,"97":0,"98":0,"99":0,"100":0,"101":0,"102":0,"103":0,"104":0,"105":0,"106":0,"107":0,"108":0,"109":0,"110":0,"111":0,"112":0,"113":0,"114":0,"115":0,"116":0,"117":0,"118":1,"119":0,"120":0,"121":0,"122":1,"123":1},"b":{"1":[0,40],"2":[40,40],"3":[0,0],"4":[0,0],"5":[0,0],"6":[0,0],"7":[0,0],"8":[0,0],"9":[0,0],"10":[0,0],"11":[0,0],"12":[0,0],"13":[0,0],"14":[0,0],"15":[0,0],"16":[0,0],"17":[0,0]},"f":{"1":40,"2":0,"3":0,"4":0,"5":0,"6":0,"7":0,"8":0},"fnMap":{"1":{"name":"_interopRequireDefault","line":165,"loc":{"start":{"line":165,"column":0},"end":{"line":165,"column":37}}},"2":{"name":"postcssFilterPlugins","line":169,"loc":{"start":{"line":169,"column":26},"end":{"line":169,"column":58}}},"3":{"name":"(anonymous_3)","line":247,"loc":{"start":{"line":247,"column":50},"end":{"line":247,"column":62}}},"4":{"name":"(anonymous_4)","line":273,"loc":{"start":{"line":273,"column":53},"end":{"line":273,"column":65}}},"5":{"name":"(anonymous_5)","line":274,"loc":{"start":{"line":274,"column":19},"end":{"line":274,"column":42}}},"6":{"name":"(anonymous_6)","line":275,"loc":{"start":{"line":275,"column":40},"end":{"line":275,"column":53}}},"7":{"name":"(anonymous_7)","line":282,"loc":{"start":{"line":282,"column":36},"end":{"line":282,"column":54}}},"8":{"name":"(anonymous_8)","line":302,"loc":{"start":{"line":302,"column":18},"end":{"line":302,"column":33}}}},"statementMap":{"1":{"start":{"line":3,"column":0},"end":{"line":3,"column":26}},"2":{"start":{"line":5,"column":0},"end":{"line":5,"column":40}},"3":{"start":{"line":7,"column":0},"end":{"line":7,"column":55}},"4":{"start":{"line":9,"column":0},"end":{"line":9,"column":34}},"5":{"start":{"line":11,"column":0},"end":{"line":11,"column":49}},"6":{"start":{"line":13,"column":0},"end":{"line":13,"column":45}},"7":{"start":{"line":15,"column":0},"end":{"line":15,"column":59}},"8":{"start":{"line":17,"column":0},"end":{"line":17,"column":34}},"9":{"start":{"line":19,"column":0},"end":{"line":19,"column":49}},"10":{"start":{"line":21,"column":0},"end":{"line":21,"column":63}},"11":{"start":{"line":23,"column":0},"end":{"line":23,"column":76}},"12":{"start":{"line":25,"column":0},"end":{"line":25,"column":66}},"13":{"start":{"line":27,"column":0},"end":{"line":27,"column":79}},"14":{"start":{"line":29,"column":0},"end":{"line":29,"column":62}},"15":{"start":{"line":31,"column":0},"end":{"line":31,"column":75}},"16":{"start":{"line":33,"column":0},"end":{"line":33,"column":66}},"17":{"start":{"line":35,"column":0},"end":{"line":35,"column":79}},"18":{"start":{"line":37,"column":0},"end":{"line":37,"column":43}},"19":{"start":{"line":39,"column":0},"end":{"line":39,"column":57}},"20":{"start":{"line":41,"column":0},"end":{"line":41,"column":68}},"21":{"start":{"line":43,"column":0},"end":{"line":43,"column":81}},"22":{"start":{"line":45,"column":0},"end":{"line":45,"column":44}},"23":{"start":{"line":47,"column":0},"end":{"line":47,"column":59}},"24":{"start":{"line":49,"column":0},"end":{"line":49,"column":47}},"25":{"start":{"line":51,"column":0},"end":{"line":51,"column":61}},"26":{"start":{"line":53,"column":0},"end":{"line":53,"column":62}},"27":{"start":{"line":55,"column":0},"end":{"line":55,"column":75}},"28":{"start":{"line":57,"column":0},"end":{"line":57,"column":43}},"29":{"start":{"line":59,"column":0},"end":{"line":59,"column":57}},"30":{"start":{"line":61,"column":0},"end":{"line":61,"column":51}},"31":{"start":{"line":63,"column":0},"end":{"line":63,"column":65}},"32":{"start":{"line":65,"column":0},"end":{"line":65,"column":62}},"33":{"start":{"line":67,"column":0},"end":{"line":67,"column":75}},"34":{"start":{"line":69,"column":0},"end":{"line":69,"column":66}},"35":{"start":{"line":71,"column":0},"end":{"line":71,"column":79}},"36":{"start":{"line":73,"column":0},"end":{"line":73,"column":60}},"37":{"start":{"line":75,"column":0},"end":{"line":75,"column":73}},"38":{"start":{"line":77,"column":0},"end":{"line":77,"column":68}},"39":{"start":{"line":79,"column":0},"end":{"line":79,"column":81}},"40":{"start":{"line":81,"column":0},"end":{"line":81,"column":69}},"41":{"start":{"line":83,"column":0},"end":{"line":83,"column":81}},"42":{"start":{"line":85,"column":0},"end":{"line":85,"column":62}},"43":{"start":{"line":87,"column":0},"end":{"line":87,"column":75}},"44":{"start":{"line":89,"column":0},"end":{"line":89,"column":60}},"45":{"start":{"line":91,"column":0},"end":{"line":91,"column":73}},"46":{"start":{"line":93,"column":0},"end":{"line":93,"column":58}},"47":{"start":{"line":95,"column":0},"end":{"line":95,"column":71}},"48":{"start":{"line":97,"column":0},"end":{"line":97,"column":60}},"49":{"start":{"line":99,"column":0},"end":{"line":99,"column":73}},"50":{"start":{"line":101,"column":0},"end":{"line":101,"column":62}},"51":{"start":{"line":103,"column":0},"end":{"line":103,"column":75}},"52":{"start":{"line":105,"column":0},"end":{"line":105,"column":70}},"53":{"start":{"line":107,"column":0},"end":{"line":107,"column":83}},"54":{"start":{"line":109,"column":0},"end":{"line":109,"column":70}},"55":{"start":{"line":111,"column":0},"end":{"line":111,"column":83}},"56":{"start":{"line":113,"column":0},"end":{"line":113,"column":56}},"57":{"start":{"line":115,"column":0},"end":{"line":115,"column":69}},"58":{"start":{"line":117,"column":0},"end":{"line":117,"column":60}},"59":{"start":{"line":119,"column":0},"end":{"line":119,"column":73}},"60":{"start":{"line":121,"column":0},"end":{"line":121,"column":66}},"61":{"start":{"line":123,"column":0},"end":{"line":123,"column":79}},"62":{"start":{"line":125,"column":0},"end":{"line":125,"column":60}},"63":{"start":{"line":127,"column":0},"end":{"line":127,"column":69}},"64":{"start":{"line":129,"column":0},"end":{"line":129,"column":56}},"65":{"start":{"line":131,"column":0},"end":{"line":131,"column":65}},"66":{"start":{"line":133,"column":0},"end":{"line":133,"column":56}},"67":{"start":{"line":135,"column":0},"end":{"line":135,"column":65}},"68":{"start":{"line":137,"column":0},"end":{"line":137,"column":58}},"69":{"start":{"line":139,"column":0},"end":{"line":139,"column":67}},"70":{"start":{"line":141,"column":0},"end":{"line":141,"column":64}},"71":{"start":{"line":143,"column":0},"end":{"line":143,"column":73}},"72":{"start":{"line":145,"column":0},"end":{"line":145,"column":70}},"73":{"start":{"line":147,"column":0},"end":{"line":147,"column":79}},"74":{"start":{"line":149,"column":0},"end":{"line":149,"column":56}},"75":{"start":{"line":151,"column":0},"end":{"line":151,"column":65}},"76":{"start":{"line":153,"column":0},"end":{"line":153,"column":34}},"77":{"start":{"line":155,"column":0},"end":{"line":155,"column":43}},"78":{"start":{"line":157,"column":0},"end":{"line":157,"column":68}},"79":{"start":{"line":159,"column":0},"end":{"line":159,"column":77}},"80":{"start":{"line":161,"column":0},"end":{"line":161,"column":46}},"81":{"start":{"line":163,"column":0},"end":{"line":163,"column":55}},"82":{"start":{"line":165,"column":0},"end":{"line":165,"column":95}},"83":{"start":{"line":165,"column":39},"end":{"line":165,"column":93}},"84":{"start":{"line":168,"column":0},"end":{"line":210,"column":2}},"85":{"start":{"line":170,"column":8},"end":{"line":170,"column":69}},"86":{"start":{"line":212,"column":0},"end":{"line":222,"column":2}},"87":{"start":{"line":224,"column":0},"end":{"line":245,"column":2}},"88":{"start":{"line":247,"column":0},"end":{"line":300,"column":3}},"89":{"start":{"line":248,"column":4},"end":{"line":248,"column":89}},"90":{"start":{"line":251,"column":4},"end":{"line":254,"column":5}},"91":{"start":{"line":252,"column":8},"end":{"line":252,"column":30}},"92":{"start":{"line":253,"column":8},"end":{"line":253,"column":28}},"93":{"start":{"line":256,"column":4},"end":{"line":256,"column":30}},"94":{"start":{"line":257,"column":4},"end":{"line":257,"column":40}},"95":{"start":{"line":258,"column":4},"end":{"line":258,"column":22}},"96":{"start":{"line":260,"column":4},"end":{"line":265,"column":5}},"97":{"start":{"line":261,"column":8},"end":{"line":261,"column":142}},"98":{"start":{"line":262,"column":8},"end":{"line":264,"column":9}},"99":{"start":{"line":263,"column":12},"end":{"line":263,"column":58}},"100":{"start":{"line":267,"column":4},"end":{"line":270,"column":5}},"101":{"start":{"line":268,"column":8},"end":{"line":268,"column":116}},"102":{"start":{"line":269,"column":8},"end":{"line":269,"column":57}},"103":{"start":{"line":272,"column":4},"end":{"line":280,"column":5}},"104":{"start":{"line":273,"column":8},"end":{"line":279,"column":12}},"105":{"start":{"line":274,"column":12},"end":{"line":278,"column":14}},"106":{"start":{"line":275,"column":16},"end":{"line":277,"column":19}},"107":{"start":{"line":276,"column":20},"end":{"line":276,"column":42}},"108":{"start":{"line":282,"column":4},"end":{"line":297,"column":7}},"109":{"start":{"line":283,"column":8},"end":{"line":283,"column":54}},"110":{"start":{"line":284,"column":8},"end":{"line":284,"column":77}},"111":{"start":{"line":286,"column":8},"end":{"line":286,"column":128}},"112":{"start":{"line":288,"column":8},"end":{"line":290,"column":9}},"113":{"start":{"line":289,"column":12},"end":{"line":289,"column":37}},"114":{"start":{"line":292,"column":8},"end":{"line":292,"column":112}},"115":{"start":{"line":294,"column":8},"end":{"line":296,"column":9}},"116":{"start":{"line":295,"column":12},"end":{"line":295,"column":47}},"117":{"start":{"line":299,"column":4},"end":{"line":299,"column":16}},"118":{"start":{"line":302,"column":0},"end":{"line":307,"column":2}},"119":{"start":{"line":303,"column":4},"end":{"line":303,"column":89}},"120":{"start":{"line":305,"column":4},"end":{"line":305,"column":67}},"121":{"start":{"line":306,"column":4},"end":{"line":306,"column":76}},"122":{"start":{"line":309,"column":0},"end":{"line":309,"column":26}},"123":{"start":{"line":310,"column":0},"end":{"line":310,"column":36}}},"branchMap":{"1":{"line":165,"type":"cond-expr","locations":[{"start":{"line":165,"column":70},"end":{"line":165,"column":73}},{"start":{"line":165,"column":76},"end":{"line":165,"column":92}}]},"2":{"line":165,"type":"binary-expr","locations":[{"start":{"line":165,"column":46},"end":{"line":165,"column":49}},{"start":{"line":165,"column":53},"end":{"line":165,"column":67}}]},"3":{"line":248,"type":"cond-expr","locations":[{"start":{"line":248,"column":71},"end":{"line":248,"column":83}},{"start":{"line":248,"column":86},"end":{"line":248,"column":88}}]},"4":{"line":248,"type":"binary-expr","locations":[{"start":{"line":248,"column":18},"end":{"line":248,"column":38}},{"start":{"line":248,"column":42},"end":{"line":248,"column":68}}]},"5":{"line":251,"type":"if","locations":[{"start":{"line":251,"column":4},"end":{"line":251,"column":4}},{"start":{"line":251,"column":4},"end":{"line":251,"column":4}}]},"6":{"line":260,"type":"if","locations":[{"start":{"line":260,"column":4},"end":{"line":260,"column":4}},{"start":{"line":260,"column":4},"end":{"line":260,"column":4}}]},"7":{"line":260,"type":"binary-expr","locations":[{"start":{"line":260,"column":8},"end":{"line":260,"column":49}},{"start":{"line":260,"column":53},"end":{"line":260,"column":100}}]},"8":{"line":262,"type":"if","locations":[{"start":{"line":262,"column":8},"end":{"line":262,"column":8}},{"start":{"line":262,"column":8},"end":{"line":262,"column":8}}]},"9":{"line":267,"type":"if","locations":[{"start":{"line":267,"column":4},"end":{"line":267,"column":4}},{"start":{"line":267,"column":4},"end":{"line":267,"column":4}}]},"10":{"line":272,"type":"if","locations":[{"start":{"line":272,"column":4},"end":{"line":272,"column":4}},{"start":{"line":272,"column":4},"end":{"line":272,"column":4}}]},"11":{"line":288,"type":"if","locations":[{"start":{"line":288,"column":8},"end":{"line":288,"column":8}},{"start":{"line":288,"column":8},"end":{"line":288,"column":8}}]},"12":{"line":292,"type":"cond-expr","locations":[{"start":{"line":292,"column":78},"end":{"line":292,"column":97}},{"start":{"line":292,"column":100},"end":{"line":292,"column":104}}]},"13":{"line":294,"type":"if","locations":[{"start":{"line":294,"column":8},"end":{"line":294,"column":8}},{"start":{"line":294,"column":8},"end":{"line":294,"column":8}}]},"14":{"line":303,"type":"cond-expr","locations":[{"start":{"line":303,"column":71},"end":{"line":303,"column":83}},{"start":{"line":303,"column":86},"end":{"line":303,"column":88}}]},"15":{"line":303,"type":"binary-expr","locations":[{"start":{"line":303,"column":18},"end":{"line":303,"column":38}},{"start":{"line":303,"column":42},"end":{"line":303,"column":68}}]},"16":{"line":305,"type":"binary-expr","locations":[{"start":{"line":305,"column":18},"end":{"line":305,"column":29}},{"start":{"line":305,"column":34},"end":{"line":305,"column":65}}]},"17":{"line":305,"type":"cond-expr","locations":[{"start":{"line":305,"column":54},"end":{"line":305,"column":58}},{"start":{"line":305,"column":61},"end":{"line":305,"column":65}}]}},"code":["'use strict';","","exports.__esModule = true;","","var _decamelize = require('decamelize');","","var _decamelize2 = _interopRequireDefault(_decamelize);","","var _defined = require('defined');","","var _defined2 = _interopRequireDefault(_defined);","","var _objectAssign = require('object-assign');","","var _objectAssign2 = _interopRequireDefault(_objectAssign);","","var _postcss = require('postcss');","","var _postcss2 = _interopRequireDefault(_postcss);","","var _postcssFilterPlugins2 = require('postcss-filter-plugins');","","var _postcssFilterPlugins3 = _interopRequireDefault(_postcssFilterPlugins2);","","var _postcssDiscardComments = require('postcss-discard-comments');","","var _postcssDiscardComments2 = _interopRequireDefault(_postcssDiscardComments);","","var _postcssReduceInitial = require('postcss-reduce-initial');","","var _postcssReduceInitial2 = _interopRequireDefault(_postcssReduceInitial);","","var _postcssMinifyGradients = require('postcss-minify-gradients');","","var _postcssMinifyGradients2 = _interopRequireDefault(_postcssMinifyGradients);","","var _postcssSvgo = require('postcss-svgo');","","var _postcssSvgo2 = _interopRequireDefault(_postcssSvgo);","","var _postcssReduceTransforms = require('postcss-reduce-transforms');","","var _postcssReduceTransforms2 = _interopRequireDefault(_postcssReduceTransforms);","","var _autoprefixer = require('autoprefixer');","","var _autoprefixer2 = _interopRequireDefault(_autoprefixer);","","var _postcssZindex = require('postcss-zindex');","","var _postcssZindex2 = _interopRequireDefault(_postcssZindex);","","var _postcssConvertValues = require('postcss-convert-values');","","var _postcssConvertValues2 = _interopRequireDefault(_postcssConvertValues);","","var _postcssCalc = require('postcss-calc');","","var _postcssCalc2 = _interopRequireDefault(_postcssCalc);","","var _postcssColormin = require('postcss-colormin');","","var _postcssColormin2 = _interopRequireDefault(_postcssColormin);","","var _postcssOrderedValues = require('postcss-ordered-values');","","var _postcssOrderedValues2 = _interopRequireDefault(_postcssOrderedValues);","","var _postcssMinifySelectors = require('postcss-minify-selectors');","","var _postcssMinifySelectors2 = _interopRequireDefault(_postcssMinifySelectors);","","var _postcssMinifyParams = require('postcss-minify-params');","","var _postcssMinifyParams2 = _interopRequireDefault(_postcssMinifyParams);","","var _postcssNormalizeCharset = require('postcss-normalize-charset');","","var _postcssNormalizeCharset2 = _interopRequireDefault(_postcssNormalizeCharset);","","var _postcssMinifyFontValues = require('postcss-minify-font-values');","","var _postcssMinifyFontValues2 = _interopRequireDefault(_postcssMinifyFontValues);","","var _postcssDiscardUnused = require('postcss-discard-unused');","","var _postcssDiscardUnused2 = _interopRequireDefault(_postcssDiscardUnused);","","var _postcssNormalizeUrl = require('postcss-normalize-url');","","var _postcssNormalizeUrl2 = _interopRequireDefault(_postcssNormalizeUrl);","","var _postcssMergeIdents = require('postcss-merge-idents');","","var _postcssMergeIdents2 = _interopRequireDefault(_postcssMergeIdents);","","var _postcssReduceIdents = require('postcss-reduce-idents');","","var _postcssReduceIdents2 = _interopRequireDefault(_postcssReduceIdents);","","var _postcssMergeLonghand = require('postcss-merge-longhand');","","var _postcssMergeLonghand2 = _interopRequireDefault(_postcssMergeLonghand);","","var _postcssDiscardDuplicates = require('postcss-discard-duplicates');","","var _postcssDiscardDuplicates2 = _interopRequireDefault(_postcssDiscardDuplicates);","","var _postcssDiscardOverridden = require('postcss-discard-overridden');","","var _postcssDiscardOverridden2 = _interopRequireDefault(_postcssDiscardOverridden);","","var _postcssMergeRules = require('postcss-merge-rules');","","var _postcssMergeRules2 = _interopRequireDefault(_postcssMergeRules);","","var _postcssDiscardEmpty = require('postcss-discard-empty');","","var _postcssDiscardEmpty2 = _interopRequireDefault(_postcssDiscardEmpty);","","var _postcssUniqueSelectors = require('postcss-unique-selectors');","","var _postcssUniqueSelectors2 = _interopRequireDefault(_postcssUniqueSelectors);","","var _functionOptimiser = require('./lib/functionOptimiser');","","var _functionOptimiser2 = _interopRequireDefault(_functionOptimiser);","","var _filterOptimiser = require('./lib/filterOptimiser');","","var _filterOptimiser2 = _interopRequireDefault(_filterOptimiser);","","var _normalizeString = require('./lib/normalizeString');","","var _normalizeString2 = _interopRequireDefault(_normalizeString);","","var _normalizeUnicode = require('./lib/normalizeUnicode');","","var _normalizeUnicode2 = _interopRequireDefault(_normalizeUnicode);","","var _reduceDisplayValues = require('./lib/reduceDisplayValues');","","var _reduceDisplayValues2 = _interopRequireDefault(_reduceDisplayValues);","","var _reduceBackgroundRepeat = require('./lib/reduceBackgroundRepeat');","","var _reduceBackgroundRepeat2 = _interopRequireDefault(_reduceBackgroundRepeat);","","var _reducePositions = require('./lib/reducePositions');","","var _reducePositions2 = _interopRequireDefault(_reducePositions);","","var _core = require('./lib/core');","","var _core2 = _interopRequireDefault(_core);","","var _reduceTimingFunctions = require('./lib/reduceTimingFunctions');","","var _reduceTimingFunctions2 = _interopRequireDefault(_reduceTimingFunctions);","","var _styleCache = require('./lib/styleCache');","","var _styleCache2 = _interopRequireDefault(_styleCache);","","function _interopRequireDefault(obj) { return obj && obj.__esModule ? obj : { default: obj }; }","","// Processors","var processors = {","    postcssFilterPlugins: function postcssFilterPlugins() {","        return (0, _postcssFilterPlugins3.default)({ silent: true });","    },","    postcssDiscardComments: _postcssDiscardComments2.default,","    postcssMinifyGradients: _postcssMinifyGradients2.default,","    postcssReduceInitial: _postcssReduceInitial2.default,","    postcssSvgo: _postcssSvgo2.default,","    reduceDisplayValues: _reduceDisplayValues2.default,","    postcssReduceTransforms: _postcssReduceTransforms2.default,","    autoprefixer: _autoprefixer2.default,","    postcssZindex: _postcssZindex2.default,","    postcssConvertValues: _postcssConvertValues2.default,","    reduceTimingFunctions: _reduceTimingFunctions2.default,","    postcssCalc: _postcssCalc2.default,","    postcssColormin: _postcssColormin2.default,","    postcssOrderedValues: _postcssOrderedValues2.default,","    postcssMinifySelectors: _postcssMinifySelectors2.default,","    postcssMinifyParams: _postcssMinifyParams2.default,","    postcssNormalizeCharset: _postcssNormalizeCharset2.default,","    postcssDiscardOverridden: _postcssDiscardOverridden2.default,","    normalizeString: _normalizeString2.default,","    normalizeUnicode: _normalizeUnicode2.default,","    // minify-font-values should be run before discard-unused","    postcssMinifyFontValues: _postcssMinifyFontValues2.default,","    postcssDiscardUnused: _postcssDiscardUnused2.default,","    postcssNormalizeUrl: _postcssNormalizeUrl2.default,","    functionOptimiser: _functionOptimiser2.default,","    filterOptimiser: _filterOptimiser2.default,","    reduceBackgroundRepeat: _reduceBackgroundRepeat2.default,","    reducePositions: _reducePositions2.default,","    core: _core2.default,","    // Optimisations after this are sensitive to previous optimisations in","    // the pipe, such as whitespace normalising/selector re-ordering","    postcssMergeIdents: _postcssMergeIdents2.default,","    postcssReduceIdents: _postcssReduceIdents2.default,","    postcssMergeLonghand: _postcssMergeLonghand2.default,","    postcssDiscardDuplicates: _postcssDiscardDuplicates2.default,","    postcssMergeRules: _postcssMergeRules2.default,","    postcssDiscardEmpty: _postcssDiscardEmpty2.default,","    postcssUniqueSelectors: _postcssUniqueSelectors2.default,","    styleCache: _styleCache2.default","};","","var defaultOptions = {","    autoprefixer: {","        add: false","    },","    postcssConvertValues: {","        length: false","    },","    postcssNormalizeCharset: {","        add: false","    }","};","","var safeOptions = {","    postcssConvertValues: {","        length: false","    },","    postcssDiscardUnused: {","        disable: true","    },","    postcssMergeIdents: {","        disable: true","    },","    postcssReduceIdents: {","        counterStyle: false,","        gridTemplate: false,","        keyframes: false","    },","    postcssNormalizeUrl: {","        stripWWW: false","    },","    postcssZindex: {","        disable: true","    }","};","","var cssnano = _postcss2.default.plugin('cssnano', function () {","    var options = arguments.length > 0 && arguments[0] !== undefined ? arguments[0] : {};","","    // Prevent PostCSS from throwing when safe is defined","    if (options.safe === true) {","        options.isSafe = true;","        options.safe = null;","    }","","    var safe = options.isSafe;","    var proc = (0, _postcss2.default)();","    var warnings = [];","","    if (typeof options.fontFamily !== 'undefined' || typeof options.minifyFontWeight !== 'undefined') {","        warnings.push('The fontFamily & minifyFontWeight options have been ' + 'consolidated into minifyFontValues, and are now deprecated.');","        if (!options.minifyFontValues) {","            options.minifyFontValues = options.fontFamily;","        }","    }","","    if (typeof options.singleCharset !== 'undefined') {","        warnings.push('The singleCharset option has been renamed to ' + 'normalizeCharset, and is now deprecated.');","        options.normalizeCharset = options.singleCharset;","    }","","    if (warnings.length) {","        proc.use(_postcss2.default.plugin('cssnano', function () {","            return function (css, result) {","                return warnings.forEach(function (w) {","                    return result.warn(w);","                });","            };","        }));","    }","","    Object.keys(processors).forEach(function (plugin) {","        var shortName = plugin.replace('postcss', '');","        shortName = shortName.slice(0, 1).toLowerCase() + shortName.slice(1);","","        var opts = (0, _defined2.default)(options[shortName], options[plugin], options[(0, _decamelize2.default)(plugin, '-')]);","","        if (opts === false) {","            opts = { disable: true };","        }","","        opts = (0, _objectAssign2.default)({}, defaultOptions[plugin], safe ? safeOptions[plugin] : null, opts);","","        if (!opts.disable) {","            proc.use(processors[plugin](opts));","        }","    });","","    return proc;","});","","cssnano.process = function (css) {","    var options = arguments.length > 1 && arguments[1] !== undefined ? arguments[1] : {};","","    options.map = options.map || (options.sourcemap ? true : null);","    return (0, _postcss2.default)([cssnano(options)]).process(css, options);","};","","exports.default = cssnano;","module.exports = exports['default'];"],"l":{"3":1,"5":1,"7":1,"9":1,"11":1,"13":1,"15":1,"17":1,"19":1,"21":1,"23":1,"25":1,"27":1,"29":1,"31":1,"33":1,"35":1,"37":1,"39":1,"41":1,"43":1,"45":1,"47":1,"49":1,"51":1,"53":1,"55":1,"57":1,"59":1,"61":1,"63":1,"65":1,"67":1,"69":1,"71":1,"73":1,"75":1,"77":1,"79":1,"81":1,"83":1,"85":1,"87":1,"89":1,"91":1,"93":1,"95":1,"97":1,"99":1,"101":1,"103":1,"105":1,"107":1,"109":1,"111":1,"113":1,"115":1,"117":1,"119":1,"121":1,"123":1,"125":1,"127":1,"129":1,"131":1,"133":1,"135":1,"137":1,"139":1,"141":1,"143":1,"145":1,"147":1,"149":1,"151":1,"153":1,"155":1,"157":1,"159":1,"161":1,"163":1,"165":40,"168":1,"170":0,"212":1,"224":1,"247":1,"248":0,"251":0,"252":0,"253":0,"256":0,"257":0,"258":0,"260":0,"261":0,"262":0,"263":0,"267":0,"268":0,"269":0,"272":0,"273":0,"274":0,"275":0,"276":0,"282":0,"283":0,"284":0,"286":0,"288":0,"289":0,"292":0,"294":0,"295":0,"299":0,"302":1,"303":0,"305":0,"306":0,"309":1,"310":1}},"/home/travis/build/npmtest/node-npmtest-cssnano/cssnano/dist/lib/functionOptimiser.js":{"path":"/home/travis/build/npmtest/node-npmtest-cssnano/cssnano/dist/lib/functionOptimiser.js","s":{"1":1,"2":1,"3":1,"4":1,"5":1,"6":1,"7":1,"8":0,"9":0,"10":0,"11":0,"12":1,"13":0,"14":0,"15":0,"16":0,"17":0,"18":0,"19":0,"20":0,"21":0,"22":1,"23":0,"24":0,"25":1,"26":0,"27":0,"28":1},"b":{"1":[0,1],"2":[1,1],"3":[0,0],"4":[0,0],"5":[0,0],"6":[0,0],"7":[0,0],"8":[0,0],"9":[0,0]},"f":{"1":1,"2":0,"3":0,"4":0,"5":0,"6":0},"fnMap":{"1":{"name":"_interopRequireDefault","line":11,"loc":{"start":{"line":11,"column":0},"end":{"line":11,"column":37}}},"2":{"name":"reduceCalcWhitespaces","line":13,"loc":{"start":{"line":13,"column":0},"end":{"line":13,"column":37}}},"3":{"name":"reduceWhitespaces","line":21,"loc":{"start":{"line":21,"column":0},"end":{"line":21,"column":33}}},"4":{"name":"transformDecls","line":35,"loc":{"start":{"line":35,"column":0},"end":{"line":35,"column":30}}},"5":{"name":"(anonymous_5)","line":41,"loc":{"start":{"line":41,"column":69},"end":{"line":41,"column":81}}},"6":{"name":"(anonymous_6)","line":42,"loc":{"start":{"line":42,"column":11},"end":{"line":42,"column":26}}}},"statementMap":{"1":{"start":{"line":3,"column":0},"end":{"line":3,"column":26}},"2":{"start":{"line":5,"column":0},"end":{"line":5,"column":34}},"3":{"start":{"line":7,"column":0},"end":{"line":7,"column":58}},"4":{"start":{"line":9,"column":0},"end":{"line":9,"column":71}},"5":{"start":{"line":11,"column":0},"end":{"line":11,"column":95}},"6":{"start":{"line":11,"column":39},"end":{"line":11,"column":93}},"7":{"start":{"line":13,"column":0},"end":{"line":19,"column":1}},"8":{"start":{"line":14,"column":4},"end":{"line":18,"column":5}},"9":{"start":{"line":15,"column":8},"end":{"line":15,"column":25}},"10":{"start":{"line":16,"column":11},"end":{"line":18,"column":5}},"11":{"start":{"line":17,"column":8},"end":{"line":17,"column":38}},"12":{"start":{"line":21,"column":0},"end":{"line":33,"column":1}},"13":{"start":{"line":22,"column":4},"end":{"line":32,"column":5}},"14":{"start":{"line":23,"column":8},"end":{"line":23,"column":25}},"15":{"start":{"line":24,"column":11},"end":{"line":32,"column":5}},"16":{"start":{"line":25,"column":8},"end":{"line":25,"column":38}},"17":{"start":{"line":26,"column":11},"end":{"line":32,"column":5}},"18":{"start":{"line":27,"column":8},"end":{"line":27,"column":38}},"19":{"start":{"line":28,"column":8},"end":{"line":31,"column":9}},"20":{"start":{"line":29,"column":12},"end":{"line":29,"column":81}},"21":{"start":{"line":30,"column":12},"end":{"line":30,"column":25}},"22":{"start":{"line":35,"column":0},"end":{"line":39,"column":1}},"23":{"start":{"line":36,"column":4},"end":{"line":38,"column":5}},"24":{"start":{"line":37,"column":8},"end":{"line":37,"column":102}},"25":{"start":{"line":41,"column":0},"end":{"line":45,"column":3}},"26":{"start":{"line":42,"column":4},"end":{"line":44,"column":6}},"27":{"start":{"line":43,"column":8},"end":{"line":43,"column":45}},"28":{"start":{"line":46,"column":0},"end":{"line":46,"column":36}}},"branchMap":{"1":{"line":11,"type":"cond-expr","locations":[{"start":{"line":11,"column":70},"end":{"line":11,"column":73}},{"start":{"line":11,"column":76},"end":{"line":11,"column":92}}]},"2":{"line":11,"type":"binary-expr","locations":[{"start":{"line":11,"column":46},"end":{"line":11,"column":49}},{"start":{"line":11,"column":53},"end":{"line":11,"column":67}}]},"3":{"line":14,"type":"if","locations":[{"start":{"line":14,"column":4},"end":{"line":14,"column":4}},{"start":{"line":14,"column":4},"end":{"line":14,"column":4}}]},"4":{"line":16,"type":"if","locations":[{"start":{"line":16,"column":11},"end":{"line":16,"column":11}},{"start":{"line":16,"column":11},"end":{"line":16,"column":11}}]},"5":{"line":22,"type":"if","locations":[{"start":{"line":22,"column":4},"end":{"line":22,"column":4}},{"start":{"line":22,"column":4},"end":{"line":22,"column":4}}]},"6":{"line":24,"type":"if","locations":[{"start":{"line":24,"column":11},"end":{"line":24,"column":11}},{"start":{"line":24,"column":11},"end":{"line":24,"column":11}}]},"7":{"line":26,"type":"if","locations":[{"start":{"line":26,"column":11},"end":{"line":26,"column":11}},{"start":{"line":26,"column":11},"end":{"line":26,"column":11}}]},"8":{"line":28,"type":"if","locations":[{"start":{"line":28,"column":8},"end":{"line":28,"column":8}},{"start":{"line":28,"column":8},"end":{"line":28,"column":8}}]},"9":{"line":36,"type":"if","locations":[{"start":{"line":36,"column":4},"end":{"line":36,"column":4}},{"start":{"line":36,"column":4},"end":{"line":36,"column":4}}]}},"code":["'use strict';","","exports.__esModule = true;","","var _postcss = require('postcss');","","var _postcssValueParser = require('postcss-value-parser');","","var _postcssValueParser2 = _interopRequireDefault(_postcssValueParser);","","function _interopRequireDefault(obj) { return obj && obj.__esModule ? obj : { default: obj }; }","","function reduceCalcWhite
[...]
eParser2 = _interopRequireDefault(_postcssValueParser);","","var _has = require('has');","","var _has2 = _interopRequireDefault(_has);","","var _getArguments = require('./getArguments');","","var _getArguments2 = _interopRequireDefault(_getArguments);","","function _interopRequireDefault(obj) { return obj && obj.__esModule ? obj : { default: obj }; }","","var directions = ['top', 'right', 'bottom', 'left', 'center'];","var properties = ['background', 'background-position', '-webkit-perspective-origin', 'perspective-origin'];","","var center = '50%';","","var horizontal = {","    right: '100%',","    left: '0'","};","","var vertical = {","    bottom: '100%',","    top: '0'","};","","function transform(decl) {","    if (!~properties.indexOf(decl.prop)) {","        return;","    }","    var values = (0, _postcssValueParser2.default)(decl.value);","    var args = (0, _getArguments2.default)(values);","    var relevant = [];","    args.forEach(function (arg) {","        relevant.push({","            start: null,","            end: null","        });","        arg.forEach(function (part, index) {","            var isPosition = ~directions.indexOf(part.value) || (0, _postcssValueParser.unit)(part.value);","            var len = relevant.length - 1;","            if (relevant[len].start === null && isPosition) {","                relevant[len].start = index;","                relevant[len].end = index;","                return;","            }","            if (relevant[len].start !== null) {","                if (part.type === 'space') {","                    return;","                } else if (isPosition) {","                    relevant[len].end = index;","                    return;","                }","                return;","            }","        });","    });","    relevant.forEach(function (range, index) {","        if (range.start === null) {","            return;","        }","        var position = args[index].slice(range.start, range.end + 1);","        if (position.length > 3) {","            return;","        }","        if (position.length === 1 || position[2].value === 'center') {","            if (position[2]) {","                position[2].value = position[1].value = '';","            }","            var value = position[0].value;","","            var map = _extends({}, horizontal, {","                center: center","            });","            if ((0, _has2.default)(map, value)) {","                position[0].value = map[value];","            }","            return;","        }","        if (position[0].value === 'center' && ~directions.indexOf(position[2].value)) {","            position[0].value = position[1].value = '';","            var _value = position[2].value;","","            if ((0, _has2.default)(horizontal, _value)) {","                position[2].value = horizontal[_value];","            }","            return;","        }","        if ((0, _has2.default)(horizontal, position[0].value) && (0, _has2.default)(vertical, position[2].value)) {","            position[0].value = horizontal[position[0].value];","            position[2].value = vertical[position[2].value];","            return;","        } else if ((0, _has2.default)(vertical, position[0].value) && (0, _has2.default)(horizontal, position[2].value)) {","            var first = position[0].value;","            position[0].value = horizontal[position[2].value];","            position[2].value = vertical[first];","            return;","        }","    });","    decl.value = values.toString();","}","","exports.default = (0, _postcss.plugin)('cssnano-reduce-positions', function () {","    return function (css) {","        return css.walkDecls(transform);","    };","});","module.exports = exports['default'];"],"l":{"3":1,"5":1,"7":1,"9":1,"11":1,"13":1,"15":1,"17":1,"19":1,"21":3,"23":1,"24":1,"26":1,"28":1,"33":1,"38":1,"39":0,"40":0,"42":0,"43":0,"44":0,"45":0,"46":0,"50":0,"51":0,"52":0,"53":0,"54":0,"55":0,"56":0,"58":0,"59":0,"60":0,"61":0,"62":0,"63":0,"65":0,"69":0,"70":0,"71":0,"73":0,"74":0,"75":0,"77":0,"78":0,"79":0,"81":0,"83":0,"86":0,"87":0,"89":0,"91":0,"92":0,"93":0,"95":0,"96":0,"98":0,"100":0,"101":0,"102":0,"103":0,"104":0,"105":0,"106":0,"107":0,"108":0,"111":0,"114":1,"115":0,"116":0,"119":1}},"/home/travis/build/npmtest/node-npmtest-cssnano/cssnano/dist/lib/core.js":{"path":"/home/travis/build/npmtest/node-npmtest-cssnano/cssnano/dist/lib/core.js","s":{"1":1,"2":1,"3":1,"4":1,"5":1,"6":1,"7":0,"8":0,"9":0,"10":0,"11":0,"12":0,"13":0,"14":0,"15":0,"16":0,"17":0,"18":0,"19":0,"20":0,"21":0,"22":0,"23":1,"24":0,"25":0,"26":0,"27":1},"b":{"1":[0,0],"2":[0,0],"3":[0,0],"4":[0,0],"5":[0,0],"6":[0,0],"7":[0,0],"8":[0,0],"9":[0,0]},"f":{"1":0,"2":0,"3":0},"fnMap":{"1":{"name":"minimiseWhitespace","line":11,"loc":{"start":{"line":11,"column":0},"end":{"line":11,"column":34}}},"2":{"name":"(anonymous_2)","line":39,"loc":{"start":{"line":39,"column":55},"end":{"line":39,"column":67}}},"3":{"name":"(anonymous_3)","line":40,"loc":{"start":{"line":40,"column":11},"end":{"line":40,"column":26}}}},"statementMap":{"1":{"start":{"line":3,"column":0},"end":{"line":3,"column":26}},"2":{"start":{"line":5,"column":0},"end":{"line":5,"column":34}},"3":{"start":{"line":7,"column":0},"end":{"line":7,"column":22}},"4":{"start":{"line":8,"column":0},"end":{"line":8,"column":18}},"5":{"start":{"line":9,"column":0},"end":{"line":9,"column":18}},"6":{"start":{"line":11,"column":0},"end":{"line":37,"column":1}},"7":{"start":{"line":12,"column":4},"end":{"line":12,"column":25}},"8":{"start":{"line":14,"column":4},"end":{"line":16,"column":5}},"9":{"start":{"line":15,"column":8},"end":{"line":15,"column":63}},"10":{"start":{"line":17,"column":4},"end":{"line":36,"column":5}},"11":{"start":{"line":19,"column":8},"end":{"line":21,"column":9}},"12":{"start":{"line":20,"column":12},"end":{"line":20,"column":47}},"13":{"start":{"line":23,"column":8},"end":{"line":23,"column":61}},"14":{"start":{"line":25,"column":8},"end":{"line":30,"column":9}},"15":{"start":{"line":26,"column":12},"end":{"line":26,"column":35}},"16":{"start":{"line":27,"column":12},"end":{"line":29,"column":13}},"17":{"start":{"line":28,"column":16},"end":{"line":28,"column":70}},"18":{"start":{"line":31,"column":8},"end":{"line":31,"column":32}},"19":{"start":{"line":32,"column":8},"end":{"line":32,"column":36}},"20":{"start":{"line":33,"column":11},"end":{"line":36,"column":5}},"21":{"start":{"line":34,"column":8},"end":{"line":34,"column":49}},"22":{"start":{"line":35,"column":8},"end":{"line":35,"column":36}},"23":{"start":{"line":39,"column":0},"end":{"line":45,"column":3}},"24":{"start":{"line":40,"column":4},"end":{"line":44,"column":6}},"25":{"start":{"line":41,"column":8},"end":{"line":41,"column":37}},"26":{"start":{"line":43,"column":8},"end":{"line":43,"column":28}},"27":{"start":{"line":46,"column":0},"end":{"line":46,"column":36}}},"branchMap":{"1":{"line":14,"type":"if","locations":[{"start":{"line":14,"column":4},"end":{"line":14,"column":4}},{"start":{"line":14,"column":4},"end":{"line":14,"column":4}}]},"2":{"line":14,"type":"binary-expr","locations":[{"start":{"line":14,"column":8},"end":{"line":14,"column":43}},{"start":{"line":14,"column":47},"end":{"line":14,"column":63}}]},"3":{"line":17,"type":"if","locations":[{"start":{"line":17,"column":4},"end":{"line":17,"column":4}},{"start":{"line":17,"column":4},"end":{"line":17,"column":4}}]},"4":{"line":19,"type":"if","locations":[{"start":{"line":19,"column":8},"end":{"line":19,"column":8}},{"start":{"line":19,"column":8},"end":{"line":19,"column":8}}]},"5":{"line":25,"type":"if","locations":[{"start":{"line":25,"column":8},"end":{"line":25,"column":8}},{"start":{"line":25,"column":8},"end":{"line":25,"column":8}}]},"6":{"line":27,"type":"if","locations":[{"start":{"line":27,"column":12},"end":{"line":27,"column":12}},{"start":{"line":27,"column":12},"end":{"line":27,"column":12}}]},"7":{"line":27,"type":"binary-expr","locations":[{"start":{"line":27,"column":16},"end":{"line":27,"column":20}},{"start":{"line":27,"column":24},"end":{"line":27,"column":42}}]},"8":{"line":33,"type":"if","locations":[{"start":{"line":33,"column":11},"end":{"line":33,"column":11}},{"start":{"line":33,"column":11},"end":{"line":33,"column":11}}]},"9":{"line":33,"type":"binary-expr","locations":[{"start":{"line":33,"column":15},"end":{"line":33,"column":28}},{"start":{"line":33,"column":32},"end":{"line":33,"column":47}}]}},"code":["'use strict';","","exports.__esModule = true;","","var _postcss = require('postcss');","","var atrule = 'atrule';","var decl = 'decl';","var rule = 'rule';","","function minimiseWhitespace(node) {","    var type = node.type;","","    if (~[decl, rule, atrule].indexOf(type) && node.raws.before) {","        node.raws.before = node.raws.before.replace(/\\s/g, '');","    }","    if (type === decl) {","        // Ensure that !important values do not have any excess whitespace","        if (node.important) {","            node.raws.important = '!important';","        }","        // Remove whitespaces around ie 9 hack","        node.value = node.value.replace(/\\s*(\\\\9)\\s*/, '$1');","        // Remove extra semicolons and whitespace before the declaration","        if (node.raws.before) {","            var prev = node.prev();","            if (prev && prev.type !== rule) {","                node.raws.before = node.raws.before.replace(/;/g, '');","            }","        }","        node.raws.between = ':';","        node.raws.semicolon = false;","    } else if (type === rule || type === atrule) {","        node.raws.between = node.raws.after = '';","        node.raws.semicolon = false;","    }","}","","exports.default = (0, _postcss.plugin)('cssnano-core', function () {","    return function (css) {","        css.walk(minimiseWhitespace);","        // Remove final newline","        css.raws.after = '';","    };","});","module.exports = exports['default'];"],"l":{"3":1,"5":1,"7":1,"8":1,"9":1,"11":1,"12":0,"14":0,"15":0,"17":0,"19":0,"20":0,"23":0,"25":0,"26":0,"27":0,"28":0,"31":0,"32":0,"33":0,"34":0,"35":0,"39":1,"40":0,"41":0,"43":0,"46":1}},"/home/travis/build/npmtest/node-npmtest-cssnano/cssnano/dist/lib/reduceTimingFunctions.js":{"path":"/home/travis/build/npmtest/node-npmtest-cssnano/cssnano/dist/lib/reduceTimingFunctions.js","s":{"1":1,"2":1,"3":1,"4":1,"5":1,"6":1,"7":1,"8":1,"9":1,"10":3,"11":1,"12":1,"13":0,"14":1,"15":1,"16":0,"17":0,"18":0,"19":0,"20":0,"21":0,"22":0,"23":0,"24":0,"25":0,"26":0,"27":0,"28":0,"29":0,"30":0,"31":0,"32":0,"33":0,"34":0,"35":1,"36":0,"37":0,"38":0,"39":1},"b":{"1":[0,3],"2":[3,3],"3":[0,0],"4":[0,0],"5":[0,0],"6":[0,0,0],"7":[0,0],"8":[0,0],"9":[0,0],"10":[0,0]},"f":{"1":3,"2":0,"3":0,"4":0,"5":0,"6":0},"fnMap":{"1":{"name":"_interopRequireDefault","line":19,"loc":{"start":{"line":19,"column":0},"end":{"line":19,"column":37}}},"2":{"name":"getValue","line":23,"loc":{"start":{"line":23,"column":15},"end":{"line":23,"column":39}}},"3":{"name":"reduce","line":28,"loc":{"start":{"line":28,"column":0},"end":{"line":28,"column":22}}},"4":{"name":"(anonymous_4)","line":60,"loc":{"start":{"line":60,"column":74},"end":{"line":60,"column":86}}},"5":{"name":"(anonymous_5)","line":61,"loc":{"start":{"line":61,"column":11},"end":{"line":61,"column":26}}},"6":{"name":"(anonymous_6)","line":62,"loc":{"start":{"line":62,"column":68},"end":{"line":62,"column":84}}}},"statementMap":{"1":{"start":{"line":3,"column":0},"end":{"line":3,"column":26}},"2":{"start":{"line":5,"column":0},"end":{"line":5,"column":34}},"3":{"start":{"line":7,"column":0},"end":{"line":7,"column":58}},"4":{"start":{"line":9,"column":0},"end":{"line":9,"column":71}},"5":{"start":{"line":11,"column":0},"end":{"line":11,"column":42}},"6":{"start":{"line":13,"column":0},"end":{"line":13,"column":55}},"7":{"start":{"line":15,"column":0},"end":{"line":15,"column":38}},"8":{"start":{"line":17,"column":0},"end":{"line":17,"column":51}},"9":{"start":{"line":19,"column":0},"end":{"line":19,"column":95}},"10":{"start":{"line":19,"column":39},"end":{"line":19,"column":93}},"11":{"start":{"line":21,"column":0},"end":{"line":21,"column":172}},"12":{"start":{"line":23,"column":0},"end":{"line":25,"column":2}},"13":{"start":{"line":24,"column":4},"end":{"line":24,"column":34}},"14":{"start":{"line":26,"column":0},"end":{"line":26,"column":49}},"15":{"start":{"line":28,"column":0},"end":{"line":58,"column":1}},"16":{"start":{"line":29,"column":4},"end":{"line":31,"column":5}},"17":{"start":{"line":30,"column":8},"end":{"line":30,"column":21}},"18":{"start":{"line":32,"column":4},"end":{"line":47,"column":5}},"19":{"start":{"line":35,"column":8},"end":{"line":40,"column":9}},"20":{"start":{"line":36,"column":12},"end":{"line":36,"column":31}},"21":{"start":{"line":37,"column":12},"end":{"line":37,"column":38}},"22":{"start":{"line":38,"column":12},"end":{"line":38,"column":30}},"23":{"start":{"line":39,"column":12},"end":{"line":39,"column":19}},"24":{"start":{"line":42,"column":8},"end":{"line":45,"column":9}},"25":{"start":{"line":43,"column":12},"end":{"line":43,"column":41}},"26":{"start":{"line":44,"column":12},"end":{"line":44,"column":19}},"27":{"start":{"line":46,"column":8},"end":{"line":46,"column":21}},"28":{"start":{"line":48,"column":4},"end":{"line":57,"column":5}},"29":{"start":{"line":49,"column":8},"end":{"line":49,"column":84}},"30":{"start":{"line":51,"column":8},"end":{"line":56,"column":9}},"31":{"start":{"line":52,"column":12},"end":{"line":52,"column":31}},"32":{"start":{"line":53,"column":12},"end":{"line":53,"column":37}},"33":{"start":{"line":54,"column":12},"end":{"line":54,"column":30}},"34":{"start":{"line":55,"column":12},"end":{"line":55,"column":19}},"35":{"start":{"line":60,"column":0},"end":{"line":66,"column":3}},"36":{"start":{"line":61,"column":4},"end":{"line":65,"column":6}},"37":{"start":{"line":62,"column":8},"end":{"line":64,"column":11}},"38":{"start":{"line":63,"column":12},"end":{"line":63,"column":95}},"39":{"start":{"line":67,"column":0},"end":{"line":67,"column":36}}},"branchMap":{"1":{"line":19,"type":"cond-expr","locations":[{"start":{"line":19,"column":70},"end":{"line":19,"column":73}},{"start":{"line":19,"column":76},"end":{"line":19,"column":92}}]},"2":{"line":19,"type":"binary-expr","locations":[{"start":{"line":19,"column":46},"end":{"line":19,"column":49}},{"start":{"line":19,"column":53},"end":{"line":19,"column":67}}]},"3":{"line":29,"type":"if","locations":[{"start":{"line":29,"column":4},"end":{"line":29,"column":4}},{"start":{"line":29,"column":4},"end":{"line":29,"column":4}}]},"4":{"line":32,"type":"if","locations":[{"start":{"line":32,"column":4},"end":{"line":32,"column":4}},{"start":{"line":32,"column":4},"end":{"line":32,"column":4}}]},"5":{"line":35,"type":"if","locations":[{"start":{"line":35,"column":8},"end":{"line":35,"column":8}},{"start":{"line":35,"column":8},"end":{"line":35,"column":8}}]},"6":{"line":35,"type":"binary-expr","locations":[{"start":{"line":35,"column":12},"end":{"line":35,"column":41}},{"start":{"line":35,"column":45},"end":{"line":35,"column":58}},{"start":{"line":35,"column":62},"end":{"line":35,"column":93}}]},"7":{"line":42,"type":"if","locations":[{"start":{"line":42,"column":8},"end":{"line":42,"column":8}},{"start":{"line":42,"column":8},"end":{"line":42,"column":8}}]},"8":{"line":42,"type":"binary-expr","locations":[{"start":{"line":42,"column":12},"end":{"line":42,"column":25}},{"start":{"line":42,"column":29},"end":{"line":42,"column":58}}]},"9":{"line":48,"type":"if","locations":[{"start":{"line":48,"column":4},"end":{"line":48,"column":4}},{"start":{"line":48,"column":4},"end":{"line":48,"column":4}}]},"10":{"line":51,"type":"if","locations":[{"start":{"line":51,"column":8},"end":{"line":51,"column":8}},{"start":{"line":51,"column":8},"end":{"line":51,"column":8}}]}},"code":["'use strict';","","exports.__esModule = true;","","var _postcss = require('postcss');","","var _postcssValueParser = require('postcss-value-parser');","","var _postcssValueParser2 = _interopRequireDefault(_postcssValueParser);","","var _evenValues = require('./evenValues');","","var _evenValues2 = _interopRequireDefault(_evenValues);","","var _getMatch = require('./getMatch');","","var _getMatch2 = _interopRequireDefault(_getMatch);","","function _interopRequireDefault(obj) { return obj && obj.__esModule ? obj : { default: obj }; }","","var keywords = [['ease', [0.25, 0.1, 0.25, 1]], ['linear', [0, 0, 1, 1]], ['ease-in', [0.42, 0, 1, 1]], ['ease-out', [0, 0, 0.58, 1]], ['ease-in-out', [0.42, 0, 0.58, 1]]];","","var getValue = function getValue(node) {","    return parseFloat(node.value);","};","var getMatch = (0, _getMatch2.default)(keywords);","","function reduce(node) {","    if (node.type !== 'function') {","        return false;","    }","    if (node.value === 'steps') {","        // Don't bother checking the step-end case as it has the same length","        // as steps(1)","        if (getValue(node.nodes[0]) === 1 && node.nodes[2] && node.nodes[2].value === 'start') {","            node.type = 'word';","            node.value = 'step-start';","            delete node.nodes;","            return;","        }","        // The end case is actually the browser default, so it isn't required.","        if (node.nodes[2] && node.nodes[2].value === 'end') {","            node.nodes = [node.nodes[0]];","            return;","        }","        return false;","    }","    if (node.value === 'cubic-bezier') {","        var match = getMatch(node.nodes.filter(_evenValues2.default).map(getValue));","","        if (match.length) {","            node.type = 'word';","            node.value = match[0][0];","            delete node.nodes;","            return;","        }","    }","}","","exports.default = (0, _postcss.plugin)('cssnano-reduce-timing-functions', function () {","    return function (css) {","        css.walkDecls(/(animation|transition)(-timing-function|$)/, function (decl) {","            decl.value = (0, _postcssValueParser2.default)(decl.value).walk(reduce).toString();","        });","    };","});","module.exports = exports['default'];"],"l":{"3":1,"5":1,"7":1,"9":1,"11":1,"13":1,"15":1,"17":1,"19":3,"21":1,"23":1,"24":0,"26":1,"28":1,"29":0,"30":0,"32":0,"35":0,"36":0,"37":0,"38":0,"39":0,"42":0,"43":0,"44":0,"46":0,"48":0,"49":0,"51":0,"52":0,"53":0,"54":0,"55":0,"60":1,"61":0,"62":0,"63":0,"67":1}},"/home/travis/build/npmtest/node-npmtest-cssnano/cssnano/dist/lib/styleCache.js":{"path":"/home/travis/build/npmtest/node-npmtest-cssnano/cssnano/dist/lib/styleCache.js","s":{"1":1,"2":1,"3":1,"4":0,"5":0,"6":1},"b":{},"f":{"1":0,"2":0},"fnMap":{"1":{"name":"(anonymous_1)","line":7,"loc":{"start":{"line":7,"column":67},"end":{"line":7,"column":79}}},"2":{"name":"(anonymous_2)","line":8,"loc":{"start":{"line":8,"column":11},"end":{"line":8,"column":34}}}},"statementMap":{"1":{"start":{"line":3,"column":0},"end":{"line":3,"column":26}},"2":{"start":{"line":5,"column":0},"end":{"line":5,"column":34}},"3":{"start":{"line":7,"column":0},"end":{"line":23,"column":3}},"4":{"start":{"line":8,"column":4},"end":{"line":22,"column":6}},"5":{"start":{"line":9,"column":8},"end":{"line":21,"column":10}},"6":{"start":{"line":24,"column":0},"end":{"line":24,"column":36}}},"branchMap":{},"code":["'use strict';","","exports.__esModule = true;","","var _postcss = require('postcss');","","exports.default = (0, _postcss.plugin)('cssnano-reset-stylecache', function () {","    return function (css, result) {","        result.root.rawCache = {","            colon: ':',","            indent: '',","            beforeDecl: '',","            beforeRule: '',","            beforeOpen: '',","            beforeClose: '',","            beforeComment: '',","            after: '',","            emptyBody: '',","            commentLeft: '',","            commentRight: ''","        };","    };","});","module.exports = exports['default'];"],"l":{"3":1,"5":1,"7":1,"8":0,"9":0,"24":1}}}